<?xml version="1.0" encoding="UTF-8"?>
<coverage generated="1746883570368" clover="3.2.0">
  <project timestamp="1746883570368" name="All files">
    <metrics statements="206" coveredstatements="202" conditionals="107" coveredconditionals="101" methods="76" coveredmethods="67" elements="389" coveredelements="370" complexity="0" loc="206" ncloc="206" packages="20" files="28" classes="28"/>
    <package name="app.consts">
      <metrics statements="9" coveredstatements="9" conditionals="2" coveredconditionals="2" methods="8" coveredmethods="4"/>
      <file name="index.ts" path="C:\Web\voprosSIBFU\vopros-sfu-frontend\src\app\consts\index.ts">
        <metrics statements="3" coveredstatements="3" conditionals="0" coveredconditionals="0" methods="7" coveredmethods="3"/>
        <line num="1" count="8" type="stmt"/>
        <line num="3" count="2" type="stmt"/>
        <line num="5" count="12" type="stmt"/>
      </file>
      <file name="router.ts" path="C:\Web\voprosSIBFU\vopros-sfu-frontend\src\app\consts\router.ts">
        <metrics statements="1" coveredstatements="1" conditionals="0" coveredconditionals="0" methods="0" coveredmethods="0"/>
        <line num="1" count="2" type="stmt"/>
      </file>
      <file name="theme.ts" path="C:\Web\voprosSIBFU\vopros-sfu-frontend\src\app\consts\theme.ts">
        <metrics statements="5" coveredstatements="5" conditionals="2" coveredconditionals="2" methods="1" coveredmethods="1"/>
        <line num="1" count="2" type="stmt"/>
        <line num="2" count="2" type="cond" truecount="2" falsecount="0"/>
        <line num="3" count="2" type="stmt"/>
        <line num="4" count="2" type="stmt"/>
        <line num="7" count="2" type="stmt"/>
      </file>
    </package>
    <package name="app.contexts">
      <metrics statements="5" coveredstatements="4" conditionals="0" coveredconditionals="0" methods="2" coveredmethods="1"/>
      <file name="ThemeContext.tsx" path="C:\Web\voprosSIBFU\vopros-sfu-frontend\src\app\contexts\ThemeContext.tsx">
        <metrics statements="4" coveredstatements="3" conditionals="0" coveredconditionals="0" methods="1" coveredmethods="0"/>
        <line num="1" count="1" type="stmt"/>
        <line num="3" count="1" type="stmt"/>
        <line num="10" count="1" type="stmt"/>
        <line num="12" count="0" type="stmt"/>
      </file>
      <file name="index.ts" path="C:\Web\voprosSIBFU\vopros-sfu-frontend\src\app\contexts\index.ts">
        <metrics statements="1" coveredstatements="1" conditionals="0" coveredconditionals="0" methods="1" coveredmethods="1"/>
        <line num="1" count="11" type="stmt"/>
      </file>
    </package>
    <package name="shared.components.BlockInfo">
      <metrics statements="7" coveredstatements="7" conditionals="6" coveredconditionals="6" methods="1" coveredmethods="1"/>
      <file name="component.tsx" path="C:\Web\voprosSIBFU\vopros-sfu-frontend\src\shared\components\BlockInfo\component.tsx">
        <metrics statements="6" coveredstatements="6" conditionals="6" coveredconditionals="6" methods="1" coveredmethods="1"/>
        <line num="1" count="1" type="stmt"/>
        <line num="3" count="1" type="stmt"/>
        <line num="4" count="1" type="stmt"/>
        <line num="5" count="1" type="stmt"/>
        <line num="7" count="1" type="stmt"/>
        <line num="8" count="4" type="stmt"/>
      </file>
      <file name="constants.ts" path="C:\Web\voprosSIBFU\vopros-sfu-frontend\src\shared\components\BlockInfo\constants.ts">
        <metrics statements="1" coveredstatements="1" conditionals="0" coveredconditionals="0" methods="0" coveredmethods="0"/>
        <line num="1" count="1" type="stmt"/>
      </file>
    </package>
    <package name="shared.components.Button">
      <metrics statements="7" coveredstatements="7" conditionals="1" coveredconditionals="1" methods="2" coveredmethods="2"/>
      <file name="component.tsx" path="C:\Web\voprosSIBFU\vopros-sfu-frontend\src\shared\components\Button\component.tsx">
        <metrics statements="5" coveredstatements="5" conditionals="1" coveredconditionals="1" methods="1" coveredmethods="1"/>
        <line num="1" count="4" type="stmt"/>
        <line num="3" count="4" type="stmt"/>
        <line num="4" count="4" type="stmt"/>
        <line num="6" count="4" type="cond" truecount="1" falsecount="0"/>
        <line num="7" count="50" type="stmt"/>
      </file>
      <file name="constants.ts" path="C:\Web\voprosSIBFU\vopros-sfu-frontend\src\shared\components\Button\constants.ts">
        <metrics statements="1" coveredstatements="1" conditionals="0" coveredconditionals="0" methods="0" coveredmethods="0"/>
        <line num="3" count="4" type="stmt"/>
      </file>
      <file name="index.ts" path="C:\Web\voprosSIBFU\vopros-sfu-frontend\src\shared\components\Button\index.ts">
        <metrics statements="1" coveredstatements="1" conditionals="0" coveredconditionals="0" methods="1" coveredmethods="1"/>
        <line num="1" count="48" type="stmt"/>
      </file>
    </package>
    <package name="shared.components.CodeInput">
      <metrics statements="31" coveredstatements="30" conditionals="12" coveredconditionals="10" methods="10" coveredmethods="10"/>
      <file name="component.tsx" path="C:\Web\voprosSIBFU\vopros-sfu-frontend\src\shared\components\CodeInput\component.tsx">
        <metrics statements="31" coveredstatements="30" conditionals="12" coveredconditionals="10" methods="10" coveredmethods="10"/>
        <line num="1" count="1" type="stmt"/>
        <line num="4" count="1" type="stmt"/>
        <line num="5" count="18" type="stmt"/>
        <line num="6" count="18" type="stmt"/>
        <line num="7" count="18" type="stmt"/>
        <line num="9" count="18" type="stmt"/>
        <line num="10" count="10" type="cond" truecount="1" falsecount="0"/>
        <line num="12" count="9" type="stmt"/>
        <line num="13" count="9" type="stmt"/>
        <line num="14" count="9" type="stmt"/>
        <line num="16" count="9" type="cond" truecount="3" falsecount="0"/>
        <line num="17" count="8" type="stmt"/>
        <line num="21" count="18" type="stmt"/>
        <line num="22" count="1" type="cond" truecount="2" falsecount="2"/>
        <line num="23" count="0" type="stmt"/>
        <line num="27" count="18" type="stmt"/>
        <line num="28" count="2" type="stmt"/>
        <line num="29" count="2" type="stmt"/>
        <line num="30" count="2" type="cond" truecount="1" falsecount="0"/>
        <line num="32" count="1" type="stmt"/>
        <line num="33" count="1" type="stmt"/>
        <line num="35" count="6" type="stmt"/>
        <line num="38" count="18" type="stmt"/>
        <line num="39" count="18" type="stmt"/>
        <line num="40" count="18" type="cond" truecount="3" falsecount="0"/>
        <line num="41" count="2" type="stmt"/>
        <line num="45" count="18" type="stmt"/>
        <line num="48" count="108" type="stmt"/>
        <line num="50" count="216" type="stmt"/>
        <line num="53" count="10" type="stmt"/>
        <line num="54" count="1" type="stmt"/>
      </file>
    </package>
    <package name="shared.components.DelayedLoader">
      <metrics statements="9" coveredstatements="9" conditionals="3" coveredconditionals="3" methods="4" coveredmethods="4"/>
      <file name="component.tsx" path="C:\Web\voprosSIBFU\vopros-sfu-frontend\src\shared\components\DelayedLoader\component.tsx">
        <metrics statements="9" coveredstatements="9" conditionals="3" coveredconditionals="3" methods="4" coveredmethods="4"/>
        <line num="1" count="1" type="stmt"/>
        <line num="2" count="1" type="stmt"/>
        <line num="4" count="1" type="cond" truecount="1" falsecount="0"/>
        <line num="5" count="6" type="stmt"/>
        <line num="7" count="6" type="stmt"/>
        <line num="8" count="4" type="stmt"/>
        <line num="9" count="2" type="stmt"/>
        <line num="12" count="4" type="stmt"/>
        <line num="15" count="6" type="cond" truecount="2" falsecount="0"/>
      </file>
    </package>
    <package name="shared.components.FilterBar">
      <metrics statements="7" coveredstatements="7" conditionals="2" coveredconditionals="2" methods="3" coveredmethods="3"/>
      <file name="component.tsx" path="C:\Web\voprosSIBFU\vopros-sfu-frontend\src\shared\components\FilterBar\component.tsx">
        <metrics statements="7" coveredstatements="7" conditionals="2" coveredconditionals="2" methods="3" coveredmethods="3"/>
        <line num="1" count="1" type="stmt"/>
        <line num="3" count="1" type="stmt"/>
        <line num="4" count="1" type="stmt"/>
        <line num="6" count="1" type="stmt"/>
        <line num="7" count="4" type="stmt"/>
        <line num="13" count="12" type="stmt"/>
        <line num="15" count="1" type="stmt"/>
      </file>
    </package>
    <package name="shared.components.ImageWithHook">
      <metrics statements="15" coveredstatements="13" conditionals="5" coveredconditionals="5" methods="5" coveredmethods="3"/>
      <file name="component.tsx" path="C:\Web\voprosSIBFU\vopros-sfu-frontend\src\shared\components\ImageWithHook\component.tsx">
        <metrics statements="15" coveredstatements="13" conditionals="5" coveredconditionals="5" methods="5" coveredmethods="3"/>
        <line num="1" count="1" type="stmt"/>
        <line num="2" count="1" type="stmt"/>
        <line num="3" count="1" type="stmt"/>
        <line num="6" count="1" type="stmt"/>
        <line num="7" count="6" type="stmt"/>
        <line num="8" count="6" type="stmt"/>
        <line num="10" count="6" type="stmt"/>
        <line num="11" count="2" type="stmt"/>
        <line num="14" count="6" type="stmt"/>
        <line num="15" count="0" type="stmt"/>
        <line num="18" count="6" type="cond" truecount="1" falsecount="0"/>
        <line num="19" count="1" type="stmt"/>
        <line num="22" count="5" type="stmt"/>
        <line num="32" count="1" type="stmt"/>
        <line num="49" count="0" type="stmt"/>
      </file>
    </package>
    <package name="shared.components.Input">
      <metrics statements="10" coveredstatements="10" conditionals="18" coveredconditionals="18" methods="3" coveredmethods="3"/>
      <file name="component.tsx" path="C:\Web\voprosSIBFU\vopros-sfu-frontend\src\shared\components\Input\component.tsx">
        <metrics statements="9" coveredstatements="9" conditionals="18" coveredconditionals="18" methods="2" coveredmethods="2"/>
        <line num="1" count="2" type="stmt"/>
        <line num="2" count="2" type="stmt"/>
        <line num="4" count="2" type="stmt"/>
        <line num="6" count="2" type="stmt"/>
        <line num="11" count="2" type="stmt"/>
        <line num="27" count="26" type="stmt"/>
        <line num="29" count="26" type="stmt"/>
        <line num="30" count="2" type="stmt"/>
        <line num="33" count="26" type="stmt"/>
      </file>
      <file name="index.ts" path="C:\Web\voprosSIBFU\vopros-sfu-frontend\src\shared\components\Input\index.ts">
        <metrics statements="1" coveredstatements="1" conditionals="0" coveredconditionals="0" methods="1" coveredmethods="1"/>
        <line num="1" count="17" type="stmt"/>
      </file>
    </package>
    <package name="shared.components.Loader">
      <metrics statements="4" coveredstatements="4" conditionals="0" coveredconditionals="0" methods="2" coveredmethods="2"/>
      <file name="component.tsx" path="C:\Web\voprosSIBFU\vopros-sfu-frontend\src\shared\components\Loader\component.tsx">
        <metrics statements="3" coveredstatements="3" conditionals="0" coveredconditionals="0" methods="1" coveredmethods="1"/>
        <line num="1" count="2" type="stmt"/>
        <line num="3" count="2" type="stmt"/>
        <line num="4" count="7" type="stmt"/>
      </file>
      <file name="index.ts" path="C:\Web\voprosSIBFU\vopros-sfu-frontend\src\shared\components\Loader\index.ts">
        <metrics statements="1" coveredstatements="1" conditionals="0" coveredconditionals="0" methods="1" coveredmethods="1"/>
        <line num="1" count="5" type="stmt"/>
      </file>
    </package>
    <package name="shared.components.NotificationDropdown">
      <metrics statements="16" coveredstatements="16" conditionals="14" coveredconditionals="11" methods="6" coveredmethods="5"/>
      <file name="component.tsx" path="C:\Web\voprosSIBFU\vopros-sfu-frontend\src\shared\components\NotificationDropdown\component.tsx">
        <metrics statements="16" coveredstatements="16" conditionals="14" coveredconditionals="11" methods="6" coveredmethods="5"/>
        <line num="1" count="1" type="stmt"/>
        <line num="2" count="1" type="stmt"/>
        <line num="3" count="1" type="stmt"/>
        <line num="4" count="1" type="stmt"/>
        <line num="5" count="1" type="stmt"/>
        <line num="8" count="1" type="stmt"/>
        <line num="9" count="9" type="stmt"/>
        <line num="10" count="9" type="stmt"/>
        <line num="11" count="14" type="stmt"/>
        <line num="13" count="9" type="stmt"/>
        <line num="15" count="9" type="stmt"/>
        <line num="17" count="4" type="stmt"/>
        <line num="31" count="2" type="cond" truecount="2" falsecount="0"/>
        <line num="32" count="2" type="stmt"/>
        <line num="33" count="2" type="stmt"/>
        <line num="34" count="2" type="stmt"/>
      </file>
    </package>
    <package name="shared.components.ProfileStats">
      <metrics statements="4" coveredstatements="4" conditionals="1" coveredconditionals="1" methods="2" coveredmethods="2"/>
      <file name="component.tsx" path="C:\Web\voprosSIBFU\vopros-sfu-frontend\src\shared\components\ProfileStats\component.tsx">
        <metrics statements="4" coveredstatements="4" conditionals="1" coveredconditionals="1" methods="2" coveredmethods="2"/>
        <line num="1" count="1" type="stmt"/>
        <line num="4" count="1" type="cond" truecount="1" falsecount="0"/>
        <line num="5" count="4" type="stmt"/>
        <line num="11" count="8" type="stmt"/>
      </file>
    </package>
    <package name="shared.components.Search">
      <metrics statements="5" coveredstatements="5" conditionals="0" coveredconditionals="0" methods="1" coveredmethods="1"/>
      <file name="component.tsx" path="C:\Web\voprosSIBFU\vopros-sfu-frontend\src\shared\components\Search\component.tsx">
        <metrics statements="5" coveredstatements="5" conditionals="0" coveredconditionals="0" methods="1" coveredmethods="1"/>
        <line num="1" count="1" type="stmt"/>
        <line num="3" count="1" type="stmt"/>
        <line num="4" count="1" type="stmt"/>
        <line num="6" count="1" type="stmt"/>
        <line num="7" count="3" type="stmt"/>
      </file>
    </package>
    <package name="shared.components.Select">
      <metrics statements="11" coveredstatements="11" conditionals="4" coveredconditionals="4" methods="4" coveredmethods="4"/>
      <file name="component.tsx" path="C:\Web\voprosSIBFU\vopros-sfu-frontend\src\shared\components\Select\component.tsx">
        <metrics statements="11" coveredstatements="11" conditionals="4" coveredconditionals="4" methods="4" coveredmethods="4"/>
        <line num="1" count="1" type="stmt"/>
        <line num="3" count="1" type="stmt"/>
        <line num="4" count="1" type="stmt"/>
        <line num="5" count="1" type="stmt"/>
        <line num="7" count="1" type="stmt"/>
        <line num="8" count="9" type="stmt"/>
        <line num="10" count="9" type="stmt"/>
        <line num="14" count="3" type="stmt"/>
        <line num="29" count="4" type="stmt"/>
        <line num="32" count="1" type="stmt"/>
        <line num="33" count="1" type="stmt"/>
      </file>
    </package>
    <package name="shared.components.Tabs">
      <metrics statements="12" coveredstatements="12" conditionals="5" coveredconditionals="5" methods="4" coveredmethods="4"/>
      <file name="component.tsx" path="C:\Web\voprosSIBFU\vopros-sfu-frontend\src\shared\components\Tabs\component.tsx">
        <metrics statements="12" coveredstatements="12" conditionals="5" coveredconditionals="5" methods="4" coveredmethods="4"/>
        <line num="1" count="1" type="stmt"/>
        <line num="3" count="1" type="stmt"/>
        <line num="4" count="1" type="stmt"/>
        <line num="6" count="1" type="stmt"/>
        <line num="7" count="8" type="cond" truecount="2" falsecount="0"/>
        <line num="9" count="8" type="stmt"/>
        <line num="10" count="2" type="stmt"/>
        <line num="11" count="2" type="cond" truecount="1" falsecount="0"/>
        <line num="12" count="2" type="stmt"/>
        <line num="16" count="8" type="stmt"/>
        <line num="19" count="24" type="stmt"/>
        <line num="21" count="2" type="stmt"/>
      </file>
    </package>
    <package name="shared.components.TagInput">
      <metrics statements="28" coveredstatements="28" conditionals="15" coveredconditionals="15" methods="14" coveredmethods="13"/>
      <file name="component.tsx" path="C:\Web\voprosSIBFU\vopros-sfu-frontend\src\shared\components\TagInput\component.tsx">
        <metrics statements="28" coveredstatements="28" conditionals="15" coveredconditionals="15" methods="14" coveredmethods="13"/>
        <line num="1" count="1" type="stmt"/>
        <line num="4" count="1" type="stmt"/>
        <line num="6" count="1" type="stmt"/>
        <line num="7" count="16" type="stmt"/>
        <line num="8" count="16" type="stmt"/>
        <line num="10" count="16" type="stmt"/>
        <line num="11" count="3" type="cond" truecount="1" falsecount="0"/>
        <line num="12" count="3" type="stmt"/>
        <line num="14" count="3" type="stmt"/>
        <line num="17" count="16" type="stmt"/>
        <line num="18" count="3" type="stmt"/>
        <line num="21" count="16" type="stmt"/>
        <line num="22" count="5" type="stmt"/>
        <line num="25" count="16" type="stmt"/>
        <line num="26" count="3" type="cond" truecount="5" falsecount="0"/>
        <line num="27" count="3" type="stmt"/>
        <line num="28" count="2" type="cond" truecount="1" falsecount="0"/>
        <line num="29" count="2" type="stmt"/>
        <line num="31" count="2" type="stmt"/>
        <line num="32" count="1" type="cond" truecount="4" falsecount="0"/>
        <line num="33" count="1" type="stmt"/>
        <line num="37" count="16" type="stmt"/>
        <line num="38" count="48" type="cond" truecount="2" falsecount="0"/>
        <line num="41" count="16" type="stmt"/>
        <line num="45" count="4" type="stmt"/>
        <line num="50" count="1" type="stmt"/>
        <line num="71" count="5" type="stmt"/>
        <line num="74" count="1" type="stmt"/>
      </file>
    </package>
    <package name="shared.components.Textarea">
      <metrics statements="6" coveredstatements="6" conditionals="4" coveredconditionals="4" methods="1" coveredmethods="1"/>
      <file name="component.tsx" path="C:\Web\voprosSIBFU\vopros-sfu-frontend\src\shared\components\Textarea\component.tsx">
        <metrics statements="6" coveredstatements="6" conditionals="4" coveredconditionals="4" methods="1" coveredmethods="1"/>
        <line num="1" count="1" type="stmt"/>
        <line num="3" count="1" type="stmt"/>
        <line num="5" count="1" type="stmt"/>
        <line num="7" count="7" type="stmt"/>
        <line num="29" count="1" type="stmt"/>
        <line num="31" count="1" type="stmt"/>
      </file>
    </package>
    <package name="shared.components.ThemeToggle">
      <metrics statements="7" coveredstatements="7" conditionals="6" coveredconditionals="6" methods="1" coveredmethods="1"/>
      <file name="component.tsx" path="C:\Web\voprosSIBFU\vopros-sfu-frontend\src\shared\components\ThemeToggle\component.tsx">
        <metrics statements="7" coveredstatements="7" conditionals="6" coveredconditionals="6" methods="1" coveredmethods="1"/>
        <line num="1" count="1" type="stmt"/>
        <line num="2" count="1" type="stmt"/>
        <line num="3" count="1" type="stmt"/>
        <line num="5" count="1" type="stmt"/>
        <line num="6" count="5" type="stmt"/>
        <line num="8" count="5" type="stmt"/>
        <line num="10" count="5" type="stmt"/>
      </file>
    </package>
    <package name="shared.components.UserCard">
      <metrics statements="9" coveredstatements="9" conditionals="9" coveredconditionals="8" methods="2" coveredmethods="2"/>
      <file name="component.tsx" path="C:\Web\voprosSIBFU\vopros-sfu-frontend\src\shared\components\UserCard\component.tsx">
        <metrics statements="9" coveredstatements="9" conditionals="9" coveredconditionals="8" methods="2" coveredmethods="2"/>
        <line num="1" count="1" type="stmt"/>
        <line num="3" count="1" type="stmt"/>
        <line num="4" count="1" type="stmt"/>
        <line num="5" count="1" type="stmt"/>
        <line num="7" count="1" type="cond" truecount="1" falsecount="0"/>
        <line num="8" count="6" type="stmt"/>
        <line num="9" count="6" type="stmt"/>
        <line num="11" count="6" type="stmt"/>
        <line num="24" count="1" type="stmt"/>
      </file>
    </package>
    <package name="shared.lib">
      <metrics statements="4" coveredstatements="4" conditionals="0" coveredconditionals="0" methods="1" coveredmethods="1"/>
      <file name="cn.ts" path="C:\Web\voprosSIBFU\vopros-sfu-frontend\src\shared\lib\cn.ts">
        <metrics statements="4" coveredstatements="4" conditionals="0" coveredconditionals="0" methods="1" coveredmethods="1"/>
        <line num="1" count="10" type="stmt"/>
        <line num="2" count="10" type="stmt"/>
        <line num="4" count="10" type="stmt"/>
        <line num="34" count="126" type="stmt"/>
      </file>
    </package>
  </project>
</coverage>
