{"C:\\Web\\voprosSIBFU\\vopros-sfu-frontend\\src\\app\\consts\\index.ts": {"path":"C:\\Web\\voprosSIBFU\\vopros-sfu-frontend\\src\\app\\consts\\index.ts","statementMap":{"0":{"start":{"line":1,"column":0},"end":{"line":1,"column":9}},"1":{"start":{"line":1,"column":9},"end":{"line":1,"column":40}},"2":{"start":{"line":3,"column":0},"end":{"line":3,"column":9}},"3":{"start":{"line":3,"column":9},"end":{"line":3,"column":21}},"4":{"start":{"line":3,"column":21},"end":{"line":3,"column":35}},"5":{"start":{"line":3,"column":35},"end":{"line":3,"column":65}},"6":{"start":{"line":5,"column":0},"end":{"line":5,"column":9}},"7":{"start":{"line":5,"column":9},"end":{"line":5,"column":30}},"8":{"start":{"line":5,"column":30},"end":{"line":5,"column":37}},"9":{"start":{"line":5,"column":37},"end":{"line":5,"column":68}}},"fnMap":{"0":{"name":"(anonymous_0)","decl":{"start":{"line":1,"column":9},"end":{"line":1,"column":21}},"loc":{"start":{"line":1,"column":9},"end":{"line":1,"column":40}}},"1":{"name":"(anonymous_1)","decl":{"start":{"line":3,"column":9},"end":{"line":3,"column":19}},"loc":{"start":{"line":3,"column":9},"end":{"line":3,"column":21}}},"2":{"name":"(anonymous_2)","decl":{"start":{"line":3,"column":21},"end":{"line":3,"column":33}},"loc":{"start":{"line":3,"column":21},"end":{"line":3,"column":35}}},"3":{"name":"(anonymous_3)","decl":{"start":{"line":3,"column":35},"end":{"line":3,"column":46}},"loc":{"start":{"line":3,"column":35},"end":{"line":3,"column":65}}},"4":{"name":"(anonymous_4)","decl":{"start":{"line":5,"column":9},"end":{"line":5,"column":28}},"loc":{"start":{"line":5,"column":9},"end":{"line":5,"column":30}}},"5":{"name":"(anonymous_5)","decl":{"start":{"line":5,"column":30},"end":{"line":5,"column":35}},"loc":{"start":{"line":5,"column":30},"end":{"line":5,"column":37}}},"6":{"name":"(anonymous_6)","decl":{"start":{"line":5,"column":37},"end":{"line":5,"column":50}},"loc":{"start":{"line":5,"column":37},"end":{"line":5,"column":68}}}},"branchMap":{},"s":{"0":5,"1":11,"2":5,"3":5,"4":8,"5":5,"6":5,"7":5,"8":15,"9":6},"f":{"0":6,"1":0,"2":3,"3":0,"4":0,"5":10,"6":1},"b":{}}
,"C:\\Web\\voprosSIBFU\\vopros-sfu-frontend\\src\\app\\consts\\router.ts": {"path":"C:\\Web\\voprosSIBFU\\vopros-sfu-frontend\\src\\app\\consts\\router.ts","statementMap":{"0":{"start":{"line":1,"column":13},"end":{"line":16,"column":11}}},"fnMap":{},"branchMap":{},"s":{"0":5},"f":{},"b":{}}
,"C:\\Web\\voprosSIBFU\\vopros-sfu-frontend\\src\\app\\consts\\theme.ts": {"path":"C:\\Web\\voprosSIBFU\\vopros-sfu-frontend\\src\\app\\consts\\theme.ts","statementMap":{"0":{"start":{"line":1,"column":13},"end":{"line":1,"column":48}},"1":{"start":{"line":2,"column":0},"end":{"line":2,"column":null}},"2":{"start":{"line":3,"column":2},"end":{"line":3,"column":null}},"3":{"start":{"line":4,"column":2},"end":{"line":4,"column":null}},"4":{"start":{"line":7,"column":13},"end":{"line":7,"column":41}}},"fnMap":{"0":{"name":"(anonymous_0)","decl":{"start":{"line":2,"column":0},"end":{"line":2,"column":12}},"loc":{"start":{"line":2,"column":17},"end":{"line":5,"column":1}}}},"branchMap":{"0":{"loc":{"start":{"line":2,"column":12},"end":{"line":2,"column":null}},"type":"binary-expr","locations":[{"start":{"line":2,"column":12},"end":{"line":2,"column":17}},{"start":{"line":2,"column":17},"end":{"line":2,"column":null}}]}},"s":{"0":5,"1":5,"2":5,"3":5,"4":5},"f":{"0":5},"b":{"0":[5,5]}}
,"C:\\Web\\voprosSIBFU\\vopros-sfu-frontend\\src\\app\\contexts\\ThemeContext.tsx": {"path":"C:\\Web\\voprosSIBFU\\vopros-sfu-frontend\\src\\app\\contexts\\ThemeContext.tsx","statementMap":{"0":{"start":{"line":1,"column":0},"end":{"line":1,"column":38}},"1":{"start":{"line":3,"column":0},"end":{"line":3,"column":42}},"2":{"start":{"line":10,"column":13},"end":{"line":13,"column":3}},"3":{"start":{"line":12,"column":21},"end":{"line":12,"column":70}}},"fnMap":{"0":{"name":"(anonymous_0)","decl":{"start":{"line":12,"column":15},"end":{"line":12,"column":18}},"loc":{"start":{"line":12,"column":21},"end":{"line":12,"column":70}}}},"branchMap":{},"s":{"0":1,"1":1,"2":1,"3":0},"f":{"0":0},"b":{}}
,"C:\\Web\\voprosSIBFU\\vopros-sfu-frontend\\src\\app\\contexts\\index.ts": {"path":"C:\\Web\\voprosSIBFU\\vopros-sfu-frontend\\src\\app\\contexts\\index.ts","statementMap":{"0":{"start":{"line":1,"column":0},"end":{"line":1,"column":9}},"1":{"start":{"line":1,"column":9},"end":{"line":1,"column":46}}},"fnMap":{"0":{"name":"(anonymous_0)","decl":{"start":{"line":1,"column":9},"end":{"line":1,"column":21}},"loc":{"start":{"line":1,"column":9},"end":{"line":1,"column":46}}}},"branchMap":{},"s":{"0":1,"1":11},"f":{"0":10},"b":{}}
,"C:\\Web\\voprosSIBFU\\vopros-sfu-frontend\\src\\app\\hooks\\question\\useDeleteRateQuestion.ts": {"path":"C:\\Web\\voprosSIBFU\\vopros-sfu-frontend\\src\\app\\hooks\\question\\useDeleteRateQuestion.ts","statementMap":{"0":{"start":{"line":1,"column":0},"end":{"line":1,"column":53}},"1":{"start":{"line":2,"column":0},"end":{"line":2,"column":68}},"2":{"start":{"line":5,"column":37},"end":{"line":22,"column":1}},"3":{"start":{"line":6,"column":22},"end":{"line":6,"column":38}},"4":{"start":{"line":8,"column":2},"end":{"line":21,"column":5}},"5":{"start":{"line":11,"column":6},"end":{"line":11,"column":64}},"6":{"start":{"line":12,"column":6},"end":{"line":19,"column":9}},"7":{"start":{"line":13,"column":8},"end":{"line":17,"column":9}},"8":{"start":{"line":14,"column":27},"end":{"line":14,"column":94}},"9":{"start":{"line":15,"column":30},"end":{"line":15,"column":104}},"10":{"start":{"line":16,"column":10},"end":{"line":16,"column":82}},"11":{"start":{"line":18,"column":8},"end":{"line":18,"column":23}},"12":{"start":{"line":5,"column":13},"end":{"line":5,"column":37}}},"fnMap":{"0":{"name":"(anonymous_0)","decl":{"start":{"line":5,"column":37},"end":{"line":5,"column":40}},"loc":{"start":{"line":5,"column":42},"end":{"line":22,"column":1}}},"1":{"name":"(anonymous_1)","decl":{"start":{"line":10,"column":15},"end":{"line":10,"column":16}},"loc":{"start":{"line":10,"column":32},"end":{"line":20,"column":5}}},"2":{"name":"(anonymous_2)","decl":{"start":{"line":12,"column":59},"end":{"line":12,"column":60}},"loc":{"start":{"line":12,"column":76},"end":{"line":19,"column":7}}}},"branchMap":{"0":{"loc":{"start":{"line":13,"column":8},"end":{"line":17,"column":9}},"type":"if","locations":[{"start":{"line":13,"column":8},"end":{"line":17,"column":9}}]},"1":{"loc":{"start":{"line":14,"column":27},"end":{"line":14,"column":94}},"type":"cond-expr","locations":[{"start":{"line":14,"column":51},"end":{"line":14,"column":73}},{"start":{"line":14,"column":76},"end":{"line":14,"column":94}}]},"2":{"loc":{"start":{"line":15,"column":30},"end":{"line":15,"column":104}},"type":"cond-expr","locations":[{"start":{"line":15,"column":55},"end":{"line":15,"column":80}},{"start":{"line":15,"column":83},"end":{"line":15,"column":104}}]}},"s":{"0":1,"1":1,"2":1,"3":0,"4":0,"5":0,"6":0,"7":0,"8":0,"9":0,"10":0,"11":0,"12":1},"f":{"0":0,"1":0,"2":0},"b":{"0":[0],"1":[0,0],"2":[0,0]}}
,"C:\\Web\\voprosSIBFU\\vopros-sfu-frontend\\src\\app\\hooks\\question\\useRateQuestion.ts": {"path":"C:\\Web\\voprosSIBFU\\vopros-sfu-frontend\\src\\app\\hooks\\question\\useRateQuestion.ts","statementMap":{"0":{"start":{"line":1,"column":0},"end":{"line":1,"column":47}},"1":{"start":{"line":2,"column":0},"end":{"line":2,"column":68}},"2":{"start":{"line":5,"column":31},"end":{"line":22,"column":1}},"3":{"start":{"line":6,"column":22},"end":{"line":6,"column":38}},"4":{"start":{"line":8,"column":2},"end":{"line":21,"column":5}},"5":{"start":{"line":11,"column":6},"end":{"line":11,"column":64}},"6":{"start":{"line":12,"column":6},"end":{"line":19,"column":9}},"7":{"start":{"line":13,"column":8},"end":{"line":17,"column":9}},"8":{"start":{"line":14,"column":27},"end":{"line":14,"column":94}},"9":{"start":{"line":15,"column":30},"end":{"line":15,"column":104}},"10":{"start":{"line":16,"column":10},"end":{"line":16,"column":82}},"11":{"start":{"line":18,"column":8},"end":{"line":18,"column":23}},"12":{"start":{"line":5,"column":13},"end":{"line":5,"column":31}}},"fnMap":{"0":{"name":"(anonymous_0)","decl":{"start":{"line":5,"column":31},"end":{"line":5,"column":34}},"loc":{"start":{"line":5,"column":36},"end":{"line":22,"column":1}}},"1":{"name":"(anonymous_1)","decl":{"start":{"line":10,"column":15},"end":{"line":10,"column":16}},"loc":{"start":{"line":10,"column":32},"end":{"line":20,"column":5}}},"2":{"name":"(anonymous_2)","decl":{"start":{"line":12,"column":59},"end":{"line":12,"column":60}},"loc":{"start":{"line":12,"column":76},"end":{"line":19,"column":7}}}},"branchMap":{"0":{"loc":{"start":{"line":13,"column":8},"end":{"line":17,"column":9}},"type":"if","locations":[{"start":{"line":13,"column":8},"end":{"line":17,"column":9}}]},"1":{"loc":{"start":{"line":14,"column":27},"end":{"line":14,"column":94}},"type":"cond-expr","locations":[{"start":{"line":14,"column":51},"end":{"line":14,"column":73}},{"start":{"line":14,"column":76},"end":{"line":14,"column":94}}]},"2":{"loc":{"start":{"line":15,"column":30},"end":{"line":15,"column":104}},"type":"cond-expr","locations":[{"start":{"line":15,"column":55},"end":{"line":15,"column":80}},{"start":{"line":15,"column":83},"end":{"line":15,"column":104}}]}},"s":{"0":1,"1":1,"2":1,"3":0,"4":0,"5":0,"6":0,"7":0,"8":0,"9":0,"10":0,"11":0,"12":1},"f":{"0":0,"1":0,"2":0},"b":{"0":[0],"1":[0,0],"2":[0,0]}}
,"C:\\Web\\voprosSIBFU\\vopros-sfu-frontend\\src\\app\\hooks\\question\\useToggleFavoriteQuestion.ts": {"path":"C:\\Web\\voprosSIBFU\\vopros-sfu-frontend\\src\\app\\hooks\\question\\useToggleFavoriteQuestion.ts","statementMap":{"0":{"start":{"line":1,"column":0},"end":{"line":1,"column":72}},"1":{"start":{"line":2,"column":0},"end":{"line":2,"column":75}},"2":{"start":{"line":3,"column":0},"end":{"line":3,"column":36}},"3":{"start":{"line":5,"column":41},"end":{"line":20,"column":1}},"4":{"start":{"line":8,"column":2},"end":{"line":19,"column":5}},"5":{"start":{"line":11,"column":6},"end":{"line":17,"column":7}},"6":{"start":{"line":12,"column":8},"end":{"line":12,"column":38}},"7":{"start":{"line":13,"column":8},"end":{"line":13,"column":76}},"8":{"start":{"line":15,"column":8},"end":{"line":15,"column":38}},"9":{"start":{"line":16,"column":8},"end":{"line":16,"column":79}},"10":{"start":{"line":5,"column":13},"end":{"line":5,"column":41}}},"fnMap":{"0":{"name":"(anonymous_0)","decl":{"start":{"line":5,"column":41},"end":{"line":5,"column":null}},"loc":{"start":{"line":7,"column":4},"end":{"line":20,"column":1}}},"1":{"name":"(anonymous_1)","decl":{"start":{"line":10,"column":16},"end":{"line":10,"column":21}},"loc":{"start":{"line":10,"column":82},"end":{"line":18,"column":5}}}},"branchMap":{"0":{"loc":{"start":{"line":11,"column":6},"end":{"line":17,"column":7}},"type":"if","locations":[{"start":{"line":11,"column":6},"end":{"line":17,"column":7}},{"start":{"line":14,"column":13},"end":{"line":17,"column":7}}]}},"s":{"0":1,"1":1,"2":1,"3":1,"4":0,"5":0,"6":0,"7":0,"8":0,"9":0,"10":1},"f":{"0":0,"1":0},"b":{"0":[0,0]}}
,"C:\\Web\\voprosSIBFU\\vopros-sfu-frontend\\src\\data\\apiClient.ts": {"path":"C:\\Web\\voprosSIBFU\\vopros-sfu-frontend\\src\\data\\apiClient.ts","statementMap":{"0":{"start":{"line":1,"column":0},"end":{"line":1,"column":26}},"1":{"start":{"line":2,"column":0},"end":{"line":2,"column":44}},"2":{"start":{"line":4,"column":13},"end":{"line":9,"column":3}},"3":{"start":{"line":11,"column":0},"end":{"line":17,"column":3}},"4":{"start":{"line":12,"column":16},"end":{"line":12,"column":51}},"5":{"start":{"line":13,"column":2},"end":{"line":15,"column":3}},"6":{"start":{"line":14,"column":4},"end":{"line":14,"column":53}},"7":{"start":{"line":16,"column":2},"end":{"line":16,"column":16}}},"fnMap":{"0":{"name":"(anonymous_0)","decl":{"start":{"line":11,"column":35},"end":{"line":11,"column":41}},"loc":{"start":{"line":11,"column":44},"end":{"line":17,"column":1}}}},"branchMap":{"0":{"loc":{"start":{"line":13,"column":2},"end":{"line":15,"column":3}},"type":"if","locations":[{"start":{"line":13,"column":2},"end":{"line":15,"column":3}}]}},"s":{"0":3,"1":3,"2":3,"3":3,"4":0,"5":0,"6":0,"7":0},"f":{"0":0},"b":{"0":[0]}}
,"C:\\Web\\voprosSIBFU\\vopros-sfu-frontend\\src\\data\\question\\index.ts": {"path":"C:\\Web\\voprosSIBFU\\vopros-sfu-frontend\\src\\data\\question\\index.ts","statementMap":{"0":{"start":{"line":1,"column":0},"end":{"line":1,"column":34}}},"fnMap":{},"branchMap":{},"s":{"0":3},"f":{},"b":{}}
,"C:\\Web\\voprosSIBFU\\vopros-sfu-frontend\\src\\data\\question\\questionService.ts": {"path":"C:\\Web\\voprosSIBFU\\vopros-sfu-frontend\\src\\data\\question\\questionService.ts","statementMap":{"0":{"start":{"line":2,"column":0},"end":{"line":2,"column":41}},"1":{"start":{"line":4,"column":32},"end":{"line":7,"column":1}},"2":{"start":{"line":5,"column":19},"end":{"line":5,"column":76}},"3":{"start":{"line":6,"column":2},"end":{"line":6,"column":29}},"4":{"start":{"line":4,"column":13},"end":{"line":4,"column":32}},"5":{"start":{"line":9,"column":30},"end":{"line":12,"column":1}},"6":{"start":{"line":10,"column":19},"end":{"line":10,"column":86}},"7":{"start":{"line":11,"column":2},"end":{"line":11,"column":23}},"8":{"start":{"line":9,"column":13},"end":{"line":9,"column":30}},"9":{"start":{"line":14,"column":28},"end":{"line":17,"column":1}},"10":{"start":{"line":15,"column":19},"end":{"line":15,"column":82}},"11":{"start":{"line":16,"column":2},"end":{"line":16,"column":23}},"12":{"start":{"line":14,"column":13},"end":{"line":14,"column":28}},"13":{"start":{"line":19,"column":31},"end":{"line":22,"column":1}},"14":{"start":{"line":20,"column":19},"end":{"line":20,"column":67}},"15":{"start":{"line":21,"column":2},"end":{"line":21,"column":23}},"16":{"start":{"line":19,"column":13},"end":{"line":19,"column":31}},"17":{"start":{"line":24,"column":35},"end":{"line":26,"column":1}},"18":{"start":{"line":25,"column":2},"end":{"line":25,"column":55}},"19":{"start":{"line":24,"column":13},"end":{"line":24,"column":35}},"20":{"start":{"line":28,"column":35},"end":{"line":30,"column":1}},"21":{"start":{"line":29,"column":2},"end":{"line":29,"column":53}},"22":{"start":{"line":28,"column":13},"end":{"line":28,"column":35}},"23":{"start":{"line":32,"column":28},"end":{"line":35,"column":1}},"24":{"start":{"line":33,"column":19},"end":{"line":33,"column":74}},"25":{"start":{"line":34,"column":2},"end":{"line":34,"column":23}},"26":{"start":{"line":32,"column":13},"end":{"line":32,"column":28}},"27":{"start":{"line":37,"column":34},"end":{"line":42,"column":1}},"28":{"start":{"line":38,"column":19},"end":{"line":40,"column":4}},"29":{"start":{"line":41,"column":2},"end":{"line":41,"column":23}},"30":{"start":{"line":37,"column":13},"end":{"line":37,"column":34}}},"fnMap":{"0":{"name":"(anonymous_0)","decl":{"start":{"line":4,"column":32},"end":{"line":4,"column":37}},"loc":{"start":{"line":4,"column":60},"end":{"line":7,"column":1}}},"1":{"name":"(anonymous_1)","decl":{"start":{"line":9,"column":30},"end":{"line":9,"column":35}},"loc":{"start":{"line":9,"column":114},"end":{"line":12,"column":1}}},"2":{"name":"(anonymous_2)","decl":{"start":{"line":14,"column":28},"end":{"line":14,"column":33}},"loc":{"start":{"line":14,"column":91},"end":{"line":17,"column":1}}},"3":{"name":"(anonymous_3)","decl":{"start":{"line":19,"column":31},"end":{"line":19,"column":36}},"loc":{"start":{"line":19,"column":80},"end":{"line":22,"column":1}}},"4":{"name":"(anonymous_4)","decl":{"start":{"line":24,"column":35},"end":{"line":24,"column":40}},"loc":{"start":{"line":24,"column":71},"end":{"line":26,"column":1}}},"5":{"name":"(anonymous_5)","decl":{"start":{"line":28,"column":35},"end":{"line":28,"column":40}},"loc":{"start":{"line":28,"column":71},"end":{"line":30,"column":1}}},"6":{"name":"(anonymous_6)","decl":{"start":{"line":32,"column":28},"end":{"line":32,"column":33}},"loc":{"start":{"line":32,"column":83},"end":{"line":35,"column":1}}},"7":{"name":"(anonymous_7)","decl":{"start":{"line":37,"column":34},"end":{"line":37,"column":39}},"loc":{"start":{"line":37,"column":89},"end":{"line":42,"column":1}}}},"branchMap":{},"s":{"0":3,"1":3,"2":0,"3":0,"4":3,"5":3,"6":0,"7":0,"8":3,"9":3,"10":0,"11":0,"12":3,"13":3,"14":0,"15":0,"16":3,"17":3,"18":0,"19":3,"20":3,"21":0,"22":3,"23":3,"24":0,"25":0,"26":3,"27":3,"28":0,"29":0,"30":3},"f":{"0":0,"1":0,"2":0,"3":0,"4":0,"5":0,"6":0,"7":0},"b":{}}
,"C:\\Web\\voprosSIBFU\\vopros-sfu-frontend\\src\\shared\\components\\BlockInfo\\component.tsx": {"path":"C:\\Web\\voprosSIBFU\\vopros-sfu-frontend\\src\\shared\\components\\BlockInfo\\component.tsx","statementMap":{"0":{"start":{"line":1,"column":0},"end":{"line":1,"column":37}},"1":{"start":{"line":3,"column":0},"end":{"line":3,"column":40}},"2":{"start":{"line":4,"column":0},"end":{"line":4,"column":45}},"3":{"start":{"line":5,"column":0},"end":{"line":5,"column":44}},"4":{"start":{"line":7,"column":25},"end":{"line":35,"column":1}},"5":{"start":{"line":8,"column":2},"end":{"line":34,"column":4}},"6":{"start":{"line":7,"column":13},"end":{"line":7,"column":25}}},"fnMap":{"0":{"name":"(anonymous_0)","decl":{"start":{"line":7,"column":25},"end":{"line":7,"column":26}},"loc":{"start":{"line":7,"column":111},"end":{"line":35,"column":1}}}},"branchMap":{"0":{"loc":{"start":{"line":18,"column":9},"end":{"line":30,"column":null}},"type":"cond-expr","locations":[{"start":{"line":19,"column":10},"end":{"line":19,"column":72}},{"start":{"line":21,"column":10},"end":{"line":29,"column":null}}]},"1":{"loc":{"start":{"line":21,"column":27},"end":{"line":21,"column":71}},"type":"cond-expr","locations":[{"start":{"line":21,"column":34},"end":{"line":21,"column":49}},{"start":{"line":21,"column":52},"end":{"line":21,"column":71}}]},"2":{"loc":{"start":{"line":23,"column":13},"end":{"line":28,"column":null}},"type":"cond-expr","locations":[{"start":{"line":24,"column":14},"end":{"line":25,"column":null}},{"start":{"line":28,"column":14},"end":{"line":28,"column":69}}]}},"s":{"0":1,"1":1,"2":1,"3":1,"4":1,"5":4,"6":1},"f":{"0":4},"b":{"0":[1,3],"1":[1,2],"2":[1,2]}}
,"C:\\Web\\voprosSIBFU\\vopros-sfu-frontend\\src\\shared\\components\\BlockInfo\\constants.ts": {"path":"C:\\Web\\voprosSIBFU\\vopros-sfu-frontend\\src\\shared\\components\\BlockInfo\\constants.ts","statementMap":{"0":{"start":{"line":1,"column":13},"end":{"line":1,"column":60}}},"fnMap":{},"branchMap":{},"s":{"0":1},"f":{},"b":{}}
,"C:\\Web\\voprosSIBFU\\vopros-sfu-frontend\\src\\shared\\components\\Button\\component.tsx": {"path":"C:\\Web\\voprosSIBFU\\vopros-sfu-frontend\\src\\shared\\components\\Button\\component.tsx","statementMap":{"0":{"start":{"line":1,"column":0},"end":{"line":1,"column":29}},"1":{"start":{"line":3,"column":0},"end":{"line":3,"column":37}},"2":{"start":{"line":4,"column":0},"end":{"line":4,"column":39}},"3":{"start":{"line":6,"column":13},"end":{"line":19,"column":3}},"4":{"start":{"line":7,"column":2},"end":{"line":18,"column":4}}},"fnMap":{"0":{"name":"(anonymous_0)","decl":{"start":{"line":6,"column":27},"end":{"line":6,"column":28}},"loc":{"start":{"line":6,"column":100},"end":{"line":19,"column":1}}}},"branchMap":{"0":{"loc":{"start":{"line":6,"column":30},"end":{"line":6,"column":49}},"type":"default-arg","locations":[{"start":{"line":6,"column":40},"end":{"line":6,"column":49}}]}},"s":{"0":4,"1":4,"2":4,"3":4,"4":50},"f":{"0":50},"b":{"0":[37]}}
,"C:\\Web\\voprosSIBFU\\vopros-sfu-frontend\\src\\shared\\components\\Button\\constants.ts": {"path":"C:\\Web\\voprosSIBFU\\vopros-sfu-frontend\\src\\shared\\components\\Button\\constants.ts","statementMap":{"0":{"start":{"line":3,"column":13},"end":{"line":8,"column":2}}},"fnMap":{},"branchMap":{},"s":{"0":4},"f":{},"b":{}}
,"C:\\Web\\voprosSIBFU\\vopros-sfu-frontend\\src\\shared\\components\\Button\\index.ts": {"path":"C:\\Web\\voprosSIBFU\\vopros-sfu-frontend\\src\\shared\\components\\Button\\index.ts","statementMap":{"0":{"start":{"line":1,"column":0},"end":{"line":1,"column":9}},"1":{"start":{"line":1,"column":9},"end":{"line":1,"column":37}}},"fnMap":{"0":{"name":"(anonymous_0)","decl":{"start":{"line":1,"column":9},"end":{"line":1,"column":15}},"loc":{"start":{"line":1,"column":9},"end":{"line":1,"column":37}}}},"branchMap":{},"s":{"0":3,"1":48},"f":{"0":45},"b":{}}
,"C:\\Web\\voprosSIBFU\\vopros-sfu-frontend\\src\\shared\\components\\CodeInput\\component.tsx": {"path":"C:\\Web\\voprosSIBFU\\vopros-sfu-frontend\\src\\shared\\components\\CodeInput\\component.tsx","statementMap":{"0":{"start":{"line":1,"column":0},"end":{"line":1,"column":52}},"1":{"start":{"line":4,"column":25},"end":{"line":62,"column":1}},"2":{"start":{"line":5,"column":17},"end":{"line":5,"column":18}},"3":{"start":{"line":6,"column":26},"end":{"line":6,"column":72}},"4":{"start":{"line":7,"column":20},"end":{"line":7,"column":59}},"5":{"start":{"line":9,"column":23},"end":{"line":19,"column":3}},"6":{"start":{"line":10,"column":4},"end":{"line":10,"column":37}},"7":{"start":{"line":10,"column":30},"end":{"line":10,"column":37}},"8":{"start":{"line":12,"column":20},"end":{"line":12,"column":29}},"9":{"start":{"line":13,"column":4},"end":{"line":13,"column":27}},"10":{"start":{"line":14,"column":4},"end":{"line":14,"column":21}},"11":{"start":{"line":16,"column":4},"end":{"line":18,"column":5}},"12":{"start":{"line":17,"column":6},"end":{"line":17,"column":44}},"13":{"start":{"line":21,"column":24},"end":{"line":25,"column":3}},"14":{"start":{"line":22,"column":4},"end":{"line":24,"column":5}},"15":{"start":{"line":23,"column":6},"end":{"line":23,"column":44}},"16":{"start":{"line":27,"column":22},"end":{"line":36,"column":3}},"17":{"start":{"line":28,"column":4},"end":{"line":28,"column":23}},"18":{"start":{"line":29,"column":23},"end":{"line":29,"column":71}},"19":{"start":{"line":30,"column":4},"end":{"line":30,"column":42}},"20":{"start":{"line":30,"column":35},"end":{"line":30,"column":42}},"21":{"start":{"line":32,"column":20},"end":{"line":32,"column":92}},"22":{"start":{"line":33,"column":4},"end":{"line":33,"column":21}},"23":{"start":{"line":35,"column":4},"end":{"line":35,"column":59}},"24":{"start":{"line":35,"column":45},"end":{"line":35,"column":47}},"25":{"start":{"line":38,"column":2},"end":{"line":43,"column":25}},"26":{"start":{"line":39,"column":23},"end":{"line":39,"column":36}},"27":{"start":{"line":40,"column":4},"end":{"line":42,"column":5}},"28":{"start":{"line":41,"column":6},"end":{"line":41,"column":31}},"29":{"start":{"line":45,"column":2},"end":{"line":61,"column":4}},"30":{"start":{"line":48,"column":8},"end":{"line":49,"column":null}},"31":{"start":{"line":50,"column":22},"end":{"line":50,"column":51}},"32":{"start":{"line":53,"column":25},"end":{"line":53,"column":60}},"33":{"start":{"line":54,"column":26},"end":{"line":54,"column":49}},"34":{"start":{"line":4,"column":13},"end":{"line":4,"column":25}}},"fnMap":{"0":{"name":"(anonymous_0)","decl":{"start":{"line":4,"column":25},"end":{"line":4,"column":26}},"loc":{"start":{"line":4,"column":60},"end":{"line":62,"column":1}}},"1":{"name":"(anonymous_1)","decl":{"start":{"line":9,"column":23},"end":{"line":9,"column":24}},"loc":{"start":{"line":9,"column":56},"end":{"line":19,"column":3}}},"2":{"name":"(anonymous_2)","decl":{"start":{"line":21,"column":24},"end":{"line":21,"column":25}},"loc":{"start":{"line":21,"column":84},"end":{"line":25,"column":3}}},"3":{"name":"(anonymous_3)","decl":{"start":{"line":27,"column":22},"end":{"line":27,"column":23}},"loc":{"start":{"line":27,"column":68},"end":{"line":36,"column":3}}},"4":{"name":"(anonymous_4)","decl":{"start":{"line":35,"column":40},"end":{"line":35,"column":41}},"loc":{"start":{"line":35,"column":45},"end":{"line":35,"column":47}}},"5":{"name":"(anonymous_5)","decl":{"start":{"line":38,"column":12},"end":{"line":38,"column":15}},"loc":{"start":{"line":38,"column":17},"end":{"line":43,"column":3}}},"6":{"name":"(anonymous_6)","decl":{"start":{"line":47,"column":16},"end":{"line":47,"column":17}},"loc":{"start":{"line":48,"column":8},"end":{"line":49,"column":null}}},"7":{"name":"(anonymous_7)","decl":{"start":{"line":50,"column":15},"end":{"line":50,"column":17}},"loc":{"start":{"line":50,"column":22},"end":{"line":50,"column":51}}},"8":{"name":"(anonymous_8)","decl":{"start":{"line":53,"column":20},"end":{"line":53,"column":21}},"loc":{"start":{"line":53,"column":25},"end":{"line":53,"column":60}}},"9":{"name":"(anonymous_9)","decl":{"start":{"line":54,"column":21},"end":{"line":54,"column":22}},"loc":{"start":{"line":54,"column":26},"end":{"line":54,"column":49}}}},"branchMap":{"0":{"loc":{"start":{"line":10,"column":4},"end":{"line":10,"column":37}},"type":"if","locations":[{"start":{"line":10,"column":4},"end":{"line":10,"column":37}}]},"1":{"loc":{"start":{"line":16,"column":4},"end":{"line":18,"column":5}},"type":"if","locations":[{"start":{"line":16,"column":4},"end":{"line":18,"column":5}}]},"2":{"loc":{"start":{"line":16,"column":8},"end":{"line":16,"column":35}},"type":"binary-expr","locations":[{"start":{"line":16,"column":8},"end":{"line":16,"column":13}},{"start":{"line":16,"column":17},"end":{"line":16,"column":35}}]},"3":{"loc":{"start":{"line":22,"column":4},"end":{"line":24,"column":5}},"type":"if","locations":[{"start":{"line":22,"column":4},"end":{"line":24,"column":5}}]},"4":{"loc":{"start":{"line":22,"column":8},"end":{"line":22,"column":58}},"type":"binary-expr","locations":[{"start":{"line":22,"column":8},"end":{"line":22,"column":29}},{"start":{"line":22,"column":33},"end":{"line":22,"column":45}},{"start":{"line":22,"column":49},"end":{"line":22,"column":58}}]},"5":{"loc":{"start":{"line":30,"column":4},"end":{"line":30,"column":42}},"type":"if","locations":[{"start":{"line":30,"column":4},"end":{"line":30,"column":42}}]},"6":{"loc":{"start":{"line":40,"column":4},"end":{"line":42,"column":5}},"type":"if","locations":[{"start":{"line":40,"column":4},"end":{"line":42,"column":5}}]},"7":{"loc":{"start":{"line":40,"column":8},"end":{"line":40,"column":58}},"type":"binary-expr","locations":[{"start":{"line":40,"column":8},"end":{"line":40,"column":36}},{"start":{"line":40,"column":40},"end":{"line":40,"column":58}}]}},"s":{"0":1,"1":1,"2":18,"3":18,"4":18,"5":18,"6":10,"7":1,"8":9,"9":9,"10":9,"11":9,"12":8,"13":18,"14":1,"15":0,"16":18,"17":2,"18":2,"19":2,"20":1,"21":1,"22":1,"23":1,"24":6,"25":18,"26":18,"27":18,"28":2,"29":18,"30":108,"31":216,"32":10,"33":1,"34":1},"f":{"0":18,"1":10,"2":1,"3":2,"4":6,"5":18,"6":108,"7":216,"8":10,"9":1},"b":{"0":[1],"1":[8],"2":[9,9],"3":[0],"4":[1,1,0],"5":[1],"6":[2],"7":[18,2]}}
,"C:\\Web\\voprosSIBFU\\vopros-sfu-frontend\\src\\shared\\components\\DelayedLoader\\component.tsx": {"path":"C:\\Web\\voprosSIBFU\\vopros-sfu-frontend\\src\\shared\\components\\DelayedLoader\\component.tsx","statementMap":{"0":{"start":{"line":1,"column":0},"end":{"line":1,"column":44}},"1":{"start":{"line":2,"column":0},"end":{"line":2,"column":35}},"2":{"start":{"line":4,"column":29},"end":{"line":16,"column":1}},"3":{"start":{"line":5,"column":40},"end":{"line":5,"column":55}},"4":{"start":{"line":7,"column":2},"end":{"line":13,"column":14}},"5":{"start":{"line":8,"column":18},"end":{"line":10,"column":13}},"6":{"start":{"line":9,"column":6},"end":{"line":9,"column":27}},"7":{"start":{"line":12,"column":4},"end":{"line":12,"column":37}},"8":{"start":{"line":12,"column":17},"end":{"line":12,"column":36}},"9":{"start":{"line":15,"column":2},"end":{"line":15,"column":52}},"10":{"start":{"line":4,"column":13},"end":{"line":4,"column":29}}},"fnMap":{"0":{"name":"(anonymous_0)","decl":{"start":{"line":4,"column":29},"end":{"line":4,"column":30}},"loc":{"start":{"line":4,"column":106},"end":{"line":16,"column":1}}},"1":{"name":"(anonymous_1)","decl":{"start":{"line":7,"column":12},"end":{"line":7,"column":15}},"loc":{"start":{"line":7,"column":17},"end":{"line":13,"column":3}}},"2":{"name":"(anonymous_2)","decl":{"start":{"line":8,"column":29},"end":{"line":8,"column":32}},"loc":{"start":{"line":8,"column":34},"end":{"line":10,"column":5}}},"3":{"name":"(anonymous_3)","decl":{"start":{"line":12,"column":11},"end":{"line":12,"column":14}},"loc":{"start":{"line":12,"column":17},"end":{"line":12,"column":36}}}},"branchMap":{"0":{"loc":{"start":{"line":4,"column":32},"end":{"line":4,"column":43}},"type":"default-arg","locations":[{"start":{"line":4,"column":40},"end":{"line":4,"column":43}}]},"1":{"loc":{"start":{"line":15,"column":9},"end":{"line":15,"column":51}},"type":"cond-expr","locations":[{"start":{"line":15,"column":23},"end":{"line":15,"column":38}},{"start":{"line":15,"column":41},"end":{"line":15,"column":51}}]}},"s":{"0":1,"1":1,"2":1,"3":6,"4":6,"5":4,"6":2,"7":4,"8":4,"9":6,"10":1},"f":{"0":6,"1":4,"2":2,"3":4},"b":{"0":[3],"1":[2,4]}}
,"C:\\Web\\voprosSIBFU\\vopros-sfu-frontend\\src\\shared\\components\\FilterBar\\component.tsx": {"path":"C:\\Web\\voprosSIBFU\\vopros-sfu-frontend\\src\\shared\\components\\FilterBar\\component.tsx","statementMap":{"0":{"start":{"line":1,"column":0},"end":{"line":1,"column":26}},"1":{"start":{"line":3,"column":0},"end":{"line":3,"column":35}},"2":{"start":{"line":4,"column":0},"end":{"line":4,"column":37}},"3":{"start":{"line":6,"column":26},"end":{"line":28,"column":1}},"4":{"start":{"line":7,"column":2},"end":{"line":27,"column":4}},"5":{"start":{"line":13,"column":8},"end":{"line":14,"column":null}},"6":{"start":{"line":15,"column":25},"end":{"line":15,"column":50}},"7":{"start":{"line":6,"column":13},"end":{"line":6,"column":26}}},"fnMap":{"0":{"name":"(anonymous_0)","decl":{"start":{"line":6,"column":26},"end":{"line":6,"column":27}},"loc":{"start":{"line":6,"column":97},"end":{"line":28,"column":1}}},"1":{"name":"(anonymous_1)","decl":{"start":{"line":12,"column":19},"end":{"line":12,"column":25}},"loc":{"start":{"line":13,"column":8},"end":{"line":14,"column":null}}},"2":{"name":"(anonymous_2)","decl":{"start":{"line":15,"column":19},"end":{"line":15,"column":22}},"loc":{"start":{"line":15,"column":25},"end":{"line":15,"column":50}}}},"branchMap":{"0":{"loc":{"start":{"line":18,"column":12},"end":{"line":20,"column":null}},"type":"cond-expr","locations":[{"start":{"line":19,"column":16},"end":{"line":19,"column":75}},{"start":{"line":20,"column":16},"end":{"line":20,"column":null}}]}},"s":{"0":1,"1":1,"2":1,"3":1,"4":4,"5":12,"6":1,"7":1},"f":{"0":4,"1":12,"2":1},"b":{"0":[4,8]}}
,"C:\\Web\\voprosSIBFU\\vopros-sfu-frontend\\src\\shared\\components\\ImageWithHook\\component.tsx": {"path":"C:\\Web\\voprosSIBFU\\vopros-sfu-frontend\\src\\shared\\components\\ImageWithHook\\component.tsx","statementMap":{"0":{"start":{"line":1,"column":0},"end":{"line":1,"column":33}},"1":{"start":{"line":2,"column":0},"end":{"line":2,"column":57}},"2":{"start":{"line":3,"column":0},"end":{"line":3,"column":44}},"3":{"start":{"line":6,"column":29},"end":{"line":55,"column":1}},"4":{"start":{"line":7,"column":33},"end":{"line":7,"column":54}},"5":{"start":{"line":8,"column":40},"end":{"line":8,"column":55}},"6":{"start":{"line":10,"column":20},"end":{"line":12,"column":3}},"7":{"start":{"line":11,"column":4},"end":{"line":11,"column":25}},"8":{"start":{"line":14,"column":21},"end":{"line":16,"column":3}},"9":{"start":{"line":15,"column":4},"end":{"line":15,"column":26}},"10":{"start":{"line":18,"column":2},"end":{"line":20,"column":3}},"11":{"start":{"line":19,"column":4},"end":{"line":19,"column":73}},"12":{"start":{"line":22,"column":2},"end":{"line":54,"column":4}},"13":{"start":{"line":32,"column":27},"end":{"line":32,"column":39}},"14":{"start":{"line":49,"column":26},"end":{"line":49,"column":45}},"15":{"start":{"line":6,"column":13},"end":{"line":6,"column":29}}},"fnMap":{"0":{"name":"(anonymous_0)","decl":{"start":{"line":6,"column":29},"end":{"line":6,"column":30}},"loc":{"start":{"line":6,"column":77},"end":{"line":55,"column":1}}},"1":{"name":"(anonymous_1)","decl":{"start":{"line":10,"column":20},"end":{"line":10,"column":23}},"loc":{"start":{"line":10,"column":25},"end":{"line":12,"column":3}}},"2":{"name":"(anonymous_2)","decl":{"start":{"line":14,"column":21},"end":{"line":14,"column":24}},"loc":{"start":{"line":14,"column":26},"end":{"line":16,"column":3}}},"3":{"name":"(anonymous_3)","decl":{"start":{"line":32,"column":21},"end":{"line":32,"column":24}},"loc":{"start":{"line":32,"column":27},"end":{"line":32,"column":39}}},"4":{"name":"(anonymous_4)","decl":{"start":{"line":49,"column":21},"end":{"line":49,"column":22}},"loc":{"start":{"line":49,"column":26},"end":{"line":49,"column":45}}}},"branchMap":{"0":{"loc":{"start":{"line":18,"column":2},"end":{"line":20,"column":3}},"type":"if","locations":[{"start":{"line":18,"column":2},"end":{"line":20,"column":3}}]},"1":{"loc":{"start":{"line":30,"column":9},"end":{"line":37,"column":null}},"type":"binary-expr","locations":[{"start":{"line":30,"column":9},"end":{"line":30,"column":17}},{"start":{"line":31,"column":10},"end":{"line":34,"column":null}}]},"2":{"loc":{"start":{"line":40,"column":7},"end":{"line":51,"column":null}},"type":"binary-expr","locations":[{"start":{"line":40,"column":7},"end":{"line":40,"column":18}},{"start":{"line":41,"column":8},"end":{"line":50,"column":null}}]}},"s":{"0":1,"1":1,"2":1,"3":1,"4":6,"5":6,"6":6,"7":2,"8":6,"9":0,"10":6,"11":1,"12":5,"13":1,"14":0,"15":1},"f":{"0":6,"1":2,"2":0,"3":1,"4":0},"b":{"0":[1],"1":[5,5],"2":[5,2]}}
,"C:\\Web\\voprosSIBFU\\vopros-sfu-frontend\\src\\shared\\components\\Input\\component.tsx": {"path":"C:\\Web\\voprosSIBFU\\vopros-sfu-frontend\\src\\shared\\components\\Input\\component.tsx","statementMap":{"0":{"start":{"line":1,"column":0},"end":{"line":1,"column":45}},"1":{"start":{"line":2,"column":0},"end":{"line":2,"column":37}},"2":{"start":{"line":4,"column":0},"end":{"line":4,"column":61}},"3":{"start":{"line":6,"column":42},"end":{"line":9,"column":2}},"4":{"start":{"line":11,"column":13},"end":{"line":66,"column":2}},"5":{"start":{"line":27,"column":54},"end":{"line":27,"column":69}},"6":{"start":{"line":29,"column":35},"end":{"line":31,"column":5}},"7":{"start":{"line":30,"column":6},"end":{"line":30,"column":47}},"8":{"start":{"line":33,"column":4},"end":{"line":64,"column":6}}},"fnMap":{"0":{"name":"(anonymous_0)","decl":{"start":{"line":12,"column":2},"end":{"line":12,"column":null}},"loc":{"start":{"line":26,"column":6},"end":{"line":65,"column":3}}},"1":{"name":"(anonymous_1)","decl":{"start":{"line":29,"column":35},"end":{"line":29,"column":38}},"loc":{"start":{"line":29,"column":40},"end":{"line":31,"column":5}}}},"branchMap":{"0":{"loc":{"start":{"line":15,"column":6},"end":{"line":15,"column":19}},"type":"default-arg","locations":[{"start":{"line":15,"column":13},"end":{"line":15,"column":19}}]},"1":{"loc":{"start":{"line":21,"column":6},"end":{"line":21,"column":23}},"type":"default-arg","locations":[{"start":{"line":21,"column":16},"end":{"line":21,"column":23}}]},"2":{"loc":{"start":{"line":22,"column":6},"end":{"line":22,"column":28}},"type":"default-arg","locations":[{"start":{"line":22,"column":23},"end":{"line":22,"column":28}}]},"3":{"loc":{"start":{"line":34,"column":25},"end":{"line":34,"column":58}},"type":"cond-expr","locations":[{"start":{"line":34,"column":43},"end":{"line":34,"column":49}},{"start":{"line":34,"column":52},"end":{"line":34,"column":58}}]},"4":{"loc":{"start":{"line":35,"column":9},"end":{"line":35,"column":70}},"type":"binary-expr","locations":[{"start":{"line":35,"column":9},"end":{"line":35,"column":14}},{"start":{"line":35,"column":18},"end":{"line":35,"column":70}}]},"5":{"loc":{"start":{"line":39,"column":18},"end":{"line":39,"column":71}},"type":"cond-expr","locations":[{"start":{"line":39,"column":58},"end":{"line":39,"column":64}},{"start":{"line":39,"column":67},"end":{"line":39,"column":71}}]},"6":{"loc":{"start":{"line":39,"column":18},"end":{"line":39,"column":55}},"type":"binary-expr","locations":[{"start":{"line":39,"column":18},"end":{"line":39,"column":34}},{"start":{"line":39,"column":38},"end":{"line":39,"column":55}}]},"7":{"loc":{"start":{"line":51,"column":11},"end":{"line":59,"column":null}},"type":"binary-expr","locations":[{"start":{"line":51,"column":11},"end":{"line":51,"column":27}},{"start":{"line":51,"column":31},"end":{"line":51,"column":50}},{"start":{"line":52,"column":12},"end":{"line":58,"column":null}}]},"8":{"loc":{"start":{"line":58,"column":15},"end":{"line":58,"column":70}},"type":"cond-expr","locations":[{"start":{"line":58,"column":35},"end":{"line":58,"column":47}},{"start":{"line":58,"column":50},"end":{"line":58,"column":70}}]},"9":{"loc":{"start":{"line":62,"column":9},"end":{"line":62,"column":70}},"type":"binary-expr","locations":[{"start":{"line":62,"column":9},"end":{"line":62,"column":14}},{"start":{"line":62,"column":18},"end":{"line":62,"column":70}}]}},"s":{"0":2,"1":2,"2":2,"3":2,"4":2,"5":26,"6":26,"7":2,"8":26},"f":{"0":26,"1":2},"b":{"0":[21],"1":[10],"2":[10],"3":[10,16],"4":[26,1],"5":[1,25],"6":[26,5],"7":[26,5,4],"8":[1,3],"9":[26,2]}}
,"C:\\Web\\voprosSIBFU\\vopros-sfu-frontend\\src\\shared\\components\\Input\\index.ts": {"path":"C:\\Web\\voprosSIBFU\\vopros-sfu-frontend\\src\\shared\\components\\Input\\index.ts","statementMap":{"0":{"start":{"line":1,"column":0},"end":{"line":1,"column":9}},"1":{"start":{"line":1,"column":9},"end":{"line":1,"column":36}}},"fnMap":{"0":{"name":"(anonymous_0)","decl":{"start":{"line":1,"column":9},"end":{"line":1,"column":14}},"loc":{"start":{"line":1,"column":9},"end":{"line":1,"column":36}}}},"branchMap":{},"s":{"0":1,"1":17},"f":{"0":16},"b":{}}
,"C:\\Web\\voprosSIBFU\\vopros-sfu-frontend\\src\\shared\\components\\Loader\\component.tsx": {"path":"C:\\Web\\voprosSIBFU\\vopros-sfu-frontend\\src\\shared\\components\\Loader\\component.tsx","statementMap":{"0":{"start":{"line":1,"column":0},"end":{"line":1,"column":44}},"1":{"start":{"line":3,"column":22},"end":{"line":6,"column":null}},"2":{"start":{"line":4,"column":2},"end":{"line":5,"column":null}},"3":{"start":{"line":3,"column":13},"end":{"line":3,"column":22}}},"fnMap":{"0":{"name":"(anonymous_0)","decl":{"start":{"line":3,"column":22},"end":{"line":3,"column":25}},"loc":{"start":{"line":4,"column":2},"end":{"line":5,"column":null}}}},"branchMap":{},"s":{"0":2,"1":2,"2":7,"3":2},"f":{"0":7},"b":{}}
,"C:\\Web\\voprosSIBFU\\vopros-sfu-frontend\\src\\shared\\components\\Loader\\index.ts": {"path":"C:\\Web\\voprosSIBFU\\vopros-sfu-frontend\\src\\shared\\components\\Loader\\index.ts","statementMap":{"0":{"start":{"line":1,"column":0},"end":{"line":1,"column":9}},"1":{"start":{"line":1,"column":9},"end":{"line":1,"column":37}}},"fnMap":{"0":{"name":"(anonymous_0)","decl":{"start":{"line":1,"column":9},"end":{"line":1,"column":15}},"loc":{"start":{"line":1,"column":9},"end":{"line":1,"column":37}}}},"branchMap":{},"s":{"0":1,"1":5},"f":{"0":4},"b":{}}
,"C:\\Web\\voprosSIBFU\\vopros-sfu-frontend\\src\\shared\\components\\NotificationDropdown\\component.tsx": {"path":"C:\\Web\\voprosSIBFU\\vopros-sfu-frontend\\src\\shared\\components\\NotificationDropdown\\component.tsx","statementMap":{"0":{"start":{"line":1,"column":0},"end":{"line":1,"column":41}},"1":{"start":{"line":2,"column":0},"end":{"line":2,"column":53}},"2":{"start":{"line":3,"column":0},"end":{"line":3,"column":41}},"3":{"start":{"line":4,"column":0},"end":{"line":4,"column":44}},"4":{"start":{"line":5,"column":0},"end":{"line":5,"column":42}},"5":{"start":{"line":8,"column":36},"end":{"line":49,"column":1}},"6":{"start":{"line":9,"column":26},"end":{"line":9,"column":41}},"7":{"start":{"line":10,"column":14},"end":{"line":10,"column":26}},"8":{"start":{"line":11,"column":24},"end":{"line":11,"column":84}},"9":{"start":{"line":11,"column":58},"end":{"line":11,"column":83}},"10":{"start":{"line":13,"column":2},"end":{"line":13,"column":42}},"11":{"start":{"line":13,"column":26},"end":{"line":13,"column":40}},"12":{"start":{"line":15,"column":2},"end":{"line":48,"column":4}},"13":{"start":{"line":17,"column":59},"end":{"line":17,"column":81}},"14":{"start":{"line":17,"column":75},"end":{"line":17,"column":80}},"15":{"start":{"line":31,"column":30},"end":{"line":31,"column":92}},"16":{"start":{"line":32,"column":31},"end":{"line":32,"column":65}},"17":{"start":{"line":33,"column":16},"end":{"line":33,"column":36}},"18":{"start":{"line":34,"column":16},"end":{"line":39,"column":18}},"19":{"start":{"line":8,"column":13},"end":{"line":8,"column":36}}},"fnMap":{"0":{"name":"(anonymous_0)","decl":{"start":{"line":8,"column":36},"end":{"line":8,"column":39}},"loc":{"start":{"line":8,"column":41},"end":{"line":49,"column":1}}},"1":{"name":"(anonymous_1)","decl":{"start":{"line":11,"column":36},"end":{"line":11,"column":37}},"loc":{"start":{"line":11,"column":58},"end":{"line":11,"column":83}}},"2":{"name":"(anonymous_2)","decl":{"start":{"line":13,"column":20},"end":{"line":13,"column":23}},"loc":{"start":{"line":13,"column":26},"end":{"line":13,"column":40}}},"3":{"name":"(anonymous_3)","decl":{"start":{"line":17,"column":53},"end":{"line":17,"column":56}},"loc":{"start":{"line":17,"column":59},"end":{"line":17,"column":81}}},"4":{"name":"(anonymous_4)","decl":{"start":{"line":17,"column":67},"end":{"line":17,"column":71}},"loc":{"start":{"line":17,"column":75},"end":{"line":17,"column":80}}},"5":{"name":"(anonymous_5)","decl":{"start":{"line":30,"column":33},"end":{"line":30,"column":34}},"loc":{"start":{"line":30,"column":53},"end":{"line":40,"column":15}}}},"branchMap":{"0":{"loc":{"start":{"line":21,"column":7},"end":{"line":45,"column":null}},"type":"binary-expr","locations":[{"start":{"line":21,"column":7},"end":{"line":21,"column":11}},{"start":{"line":22,"column":8},"end":{"line":44,"column":null}}]},"1":{"loc":{"start":{"line":24,"column":11},"end":{"line":43,"column":null}},"type":"cond-expr","locations":[{"start":{"line":25,"column":12},"end":{"line":26,"column":null}},{"start":{"line":28,"column":14},"end":{"line":43,"column":null}}]},"2":{"loc":{"start":{"line":28,"column":14},"end":{"line":43,"column":null}},"type":"cond-expr","locations":[{"start":{"line":29,"column":12},"end":{"line":40,"column":null}},{"start":{"line":43,"column":12},"end":{"line":43,"column":82}}]},"3":{"loc":{"start":{"line":31,"column":30},"end":{"line":31,"column":92}},"type":"cond-expr","locations":[{"start":{"line":31,"column":61},"end":{"line":31,"column":81}},{"start":{"line":31,"column":84},"end":{"line":31,"column":92}}]},"4":{"loc":{"start":{"line":35,"column":86},"end":{"line":35,"column":114}},"type":"cond-expr","locations":[{"start":{"line":35,"column":95},"end":{"line":35,"column":109}},{"start":{"line":35,"column":112},"end":{"line":35,"column":114}}]},"5":{"loc":{"start":{"line":36,"column":64},"end":{"line":36,"column":109}},"type":"binary-expr","locations":[{"start":{"line":36,"column":64},"end":{"line":36,"column":86}},{"start":{"line":36,"column":90},"end":{"line":36,"column":109}}]},"6":{"loc":{"start":{"line":35,"column":27},"end":{"line":35,"column":44}},"type":"binary-expr","locations":[{"start":{"line":35,"column":27},"end":{"line":35,"column":35}},{"start":{"line":35,"column":39},"end":{"line":35,"column":44}}]}},"s":{"0":1,"1":1,"2":1,"3":1,"4":1,"5":1,"6":9,"7":9,"8":9,"9":14,"10":9,"11":0,"12":9,"13":4,"14":4,"15":2,"16":2,"17":2,"18":2,"19":1},"f":{"0":9,"1":14,"2":0,"3":4,"4":4,"5":2},"b":{"0":[9,4],"1":[0,4],"2":[2,2],"3":[1,1],"4":[2,0],"5":[2,1],"6":[2,0]}}
,"C:\\Web\\voprosSIBFU\\vopros-sfu-frontend\\src\\shared\\components\\ProfileStats\\component.tsx": {"path":"C:\\Web\\voprosSIBFU\\vopros-sfu-frontend\\src\\shared\\components\\ProfileStats\\component.tsx","statementMap":{"0":{"start":{"line":1,"column":0},"end":{"line":1,"column":37}},"1":{"start":{"line":4,"column":28},"end":{"line":19,"column":1}},"2":{"start":{"line":5,"column":2},"end":{"line":18,"column":4}},"3":{"start":{"line":11,"column":12},"end":{"line":11,"column":null}},"4":{"start":{"line":4,"column":13},"end":{"line":4,"column":28}}},"fnMap":{"0":{"name":"(anonymous_0)","decl":{"start":{"line":4,"column":28},"end":{"line":4,"column":29}},"loc":{"start":{"line":4,"column":94},"end":{"line":19,"column":1}}},"1":{"name":"(anonymous_1)","decl":{"start":{"line":10,"column":21},"end":{"line":10,"column":22}},"loc":{"start":{"line":11,"column":12},"end":{"line":11,"column":null}}}},"branchMap":{"0":{"loc":{"start":{"line":4,"column":31},"end":{"line":4,"column":51}},"type":"default-arg","locations":[{"start":{"line":4,"column":39},"end":{"line":4,"column":51}}]}},"s":{"0":1,"1":1,"2":4,"3":8,"4":1},"f":{"0":4,"1":8},"b":{"0":[3]}}
,"C:\\Web\\voprosSIBFU\\vopros-sfu-frontend\\src\\shared\\components\\QuestionActions\\component.tsx": {"path":"C:\\Web\\voprosSIBFU\\vopros-sfu-frontend\\src\\shared\\components\\QuestionActions\\component.tsx","statementMap":{"0":{"start":{"line":1,"column":0},"end":{"line":1,"column":44}},"1":{"start":{"line":3,"column":0},"end":{"line":3,"column":63}},"2":{"start":{"line":4,"column":0},"end":{"line":4,"column":91}},"3":{"start":{"line":5,"column":0},"end":{"line":5,"column":71}},"4":{"start":{"line":6,"column":0},"end":{"line":6,"column":83}},"5":{"start":{"line":7,"column":0},"end":{"line":7,"column":55}},"6":{"start":{"line":8,"column":0},"end":{"line":8,"column":62}},"7":{"start":{"line":10,"column":31},"end":{"line":110,"column":1}},"8":{"start":{"line":18,"column":38},"end":{"line":18,"column":65}},"9":{"start":{"line":19,"column":38},"end":{"line":19,"column":58}},"10":{"start":{"line":20,"column":44},"end":{"line":20,"column":67}},"11":{"start":{"line":22,"column":33},"end":{"line":22,"column":60}},"12":{"start":{"line":24,"column":31},"end":{"line":31,"column":3}},"13":{"start":{"line":25,"column":4},"end":{"line":30,"column":6}},"14":{"start":{"line":28,"column":25},"end":{"line":28,"column":53}},"15":{"start":{"line":28,"column":47},"end":{"line":28,"column":52}},"16":{"start":{"line":33,"column":23},"end":{"line":33,"column":40}},"17":{"start":{"line":34,"column":29},"end":{"line":34,"column":52}},"18":{"start":{"line":36,"column":19},"end":{"line":36,"column":32}},"19":{"start":{"line":37,"column":24},"end":{"line":37,"column":103}},"20":{"start":{"line":37,"column":52},"end":{"line":37,"column":102}},"21":{"start":{"line":39,"column":2},"end":{"line":42,"column":34}},"22":{"start":{"line":40,"column":4},"end":{"line":40,"column":30}},"23":{"start":{"line":41,"column":4},"end":{"line":41,"column":36}},"24":{"start":{"line":44,"column":2},"end":{"line":52,"column":50}},"25":{"start":{"line":45,"column":4},"end":{"line":51,"column":5}},"26":{"start":{"line":46,"column":6},"end":{"line":46,"column":56}},"27":{"start":{"line":47,"column":11},"end":{"line":51,"column":5}},"28":{"start":{"line":48,"column":6},"end":{"line":48,"column":58}},"29":{"start":{"line":50,"column":6},"end":{"line":50,"column":58}},"30":{"start":{"line":54,"column":23},"end":{"line":68,"column":3}},"31":{"start":{"line":55,"column":4},"end":{"line":67,"column":5}},"32":{"start":{"line":56,"column":6},"end":{"line":56,"column":40}},"33":{"start":{"line":57,"column":6},"end":{"line":57,"column":62}},"34":{"start":{"line":58,"column":6},"end":{"line":58,"column":38}},"35":{"start":{"line":58,"column":28},"end":{"line":58,"column":36}},"36":{"start":{"line":59,"column":11},"end":{"line":67,"column":5}},"37":{"start":{"line":60,"column":6},"end":{"line":60,"column":58}},"38":{"start":{"line":61,"column":6},"end":{"line":61,"column":63}},"39":{"start":{"line":62,"column":6},"end":{"line":62,"column":41}},"40":{"start":{"line":62,"column":31},"end":{"line":62,"column":39}},"41":{"start":{"line":64,"column":6},"end":{"line":64,"column":56}},"42":{"start":{"line":65,"column":6},"end":{"line":65,"column":56}},"43":{"start":{"line":66,"column":6},"end":{"line":66,"column":38}},"44":{"start":{"line":66,"column":28},"end":{"line":66,"column":36}},"45":{"start":{"line":70,"column":25},"end":{"line":84,"column":3}},"46":{"start":{"line":71,"column":4},"end":{"line":83,"column":5}},"47":{"start":{"line":72,"column":6},"end":{"line":72,"column":40}},"48":{"start":{"line":73,"column":6},"end":{"line":73,"column":63}},"49":{"start":{"line":74,"column":6},"end":{"line":74,"column":41}},"50":{"start":{"line":74,"column":31},"end":{"line":74,"column":39}},"51":{"start":{"line":75,"column":11},"end":{"line":83,"column":5}},"52":{"start":{"line":76,"column":6},"end":{"line":76,"column":58}},"53":{"start":{"line":77,"column":6},"end":{"line":77,"column":62}},"54":{"start":{"line":78,"column":6},"end":{"line":78,"column":38}},"55":{"start":{"line":78,"column":28},"end":{"line":78,"column":36}},"56":{"start":{"line":80,"column":6},"end":{"line":80,"column":58}},"57":{"start":{"line":81,"column":6},"end":{"line":81,"column":57}},"58":{"start":{"line":82,"column":6},"end":{"line":82,"column":41}},"59":{"start":{"line":82,"column":31},"end":{"line":82,"column":39}},"60":{"start":{"line":86,"column":2},"end":{"line":109,"column":4}},"61":{"start":{"line":10,"column":13},"end":{"line":10,"column":31}}},"fnMap":{"0":{"name":"(anonymous_0)","decl":{"start":{"line":10,"column":31},"end":{"line":10,"column":32}},"loc":{"start":{"line":17,"column":27},"end":{"line":110,"column":1}}},"1":{"name":"(anonymous_1)","decl":{"start":{"line":24,"column":31},"end":{"line":24,"column":34}},"loc":{"start":{"line":24,"column":36},"end":{"line":31,"column":3}}},"2":{"name":"(anonymous_2)","decl":{"start":{"line":28,"column":19},"end":{"line":28,"column":22}},"loc":{"start":{"line":28,"column":25},"end":{"line":28,"column":53}}},"3":{"name":"(anonymous_3)","decl":{"start":{"line":28,"column":39},"end":{"line":28,"column":43}},"loc":{"start":{"line":28,"column":47},"end":{"line":28,"column":52}}},"4":{"name":"(anonymous_4)","decl":{"start":{"line":37,"column":36},"end":{"line":37,"column":37}},"loc":{"start":{"line":37,"column":52},"end":{"line":37,"column":102}}},"5":{"name":"(anonymous_5)","decl":{"start":{"line":39,"column":12},"end":{"line":39,"column":15}},"loc":{"start":{"line":39,"column":17},"end":{"line":42,"column":3}}},"6":{"name":"(anonymous_6)","decl":{"start":{"line":44,"column":12},"end":{"line":44,"column":15}},"loc":{"start":{"line":44,"column":17},"end":{"line":52,"column":3}}},"7":{"name":"(anonymous_7)","decl":{"start":{"line":54,"column":23},"end":{"line":54,"column":26}},"loc":{"start":{"line":54,"column":28},"end":{"line":68,"column":3}}},"8":{"name":"(anonymous_8)","decl":{"start":{"line":58,"column":20},"end":{"line":58,"column":24}},"loc":{"start":{"line":58,"column":28},"end":{"line":58,"column":36}}},"9":{"name":"(anonymous_9)","decl":{"start":{"line":62,"column":23},"end":{"line":62,"column":27}},"loc":{"start":{"line":62,"column":31},"end":{"line":62,"column":39}}},"10":{"name":"(anonymous_10)","decl":{"start":{"line":66,"column":20},"end":{"line":66,"column":24}},"loc":{"start":{"line":66,"column":28},"end":{"line":66,"column":36}}},"11":{"name":"(anonymous_11)","decl":{"start":{"line":70,"column":25},"end":{"line":70,"column":28}},"loc":{"start":{"line":70,"column":30},"end":{"line":84,"column":3}}},"12":{"name":"(anonymous_12)","decl":{"start":{"line":74,"column":23},"end":{"line":74,"column":27}},"loc":{"start":{"line":74,"column":31},"end":{"line":74,"column":39}}},"13":{"name":"(anonymous_13)","decl":{"start":{"line":78,"column":20},"end":{"line":78,"column":24}},"loc":{"start":{"line":78,"column":28},"end":{"line":78,"column":36}}},"14":{"name":"(anonymous_14)","decl":{"start":{"line":82,"column":23},"end":{"line":82,"column":27}},"loc":{"start":{"line":82,"column":31},"end":{"line":82,"column":39}}}},"branchMap":{"0":{"loc":{"start":{"line":37,"column":52},"end":{"line":37,"column":102}},"type":"binary-expr","locations":[{"start":{"line":37,"column":52},"end":{"line":37,"column":92}},{"start":{"line":37,"column":96},"end":{"line":37,"column":102}}]},"1":{"loc":{"start":{"line":45,"column":4},"end":{"line":51,"column":5}},"type":"if","locations":[{"start":{"line":45,"column":4},"end":{"line":51,"column":5}},{"start":{"line":47,"column":11},"end":{"line":51,"column":5}}]},"2":{"loc":{"start":{"line":47,"column":11},"end":{"line":51,"column":5}},"type":"if","locations":[{"start":{"line":47,"column":11},"end":{"line":51,"column":5}},{"start":{"line":49,"column":11},"end":{"line":51,"column":5}}]},"3":{"loc":{"start":{"line":55,"column":4},"end":{"line":67,"column":5}},"type":"if","locations":[{"start":{"line":55,"column":4},"end":{"line":67,"column":5}},{"start":{"line":59,"column":11},"end":{"line":67,"column":5}}]},"4":{"loc":{"start":{"line":59,"column":11},"end":{"line":67,"column":5}},"type":"if","locations":[{"start":{"line":59,"column":11},"end":{"line":67,"column":5}},{"start":{"line":63,"column":11},"end":{"line":67,"column":5}}]},"5":{"loc":{"start":{"line":71,"column":4},"end":{"line":83,"column":5}},"type":"if","locations":[{"start":{"line":71,"column":4},"end":{"line":83,"column":5}},{"start":{"line":75,"column":11},"end":{"line":83,"column":5}}]},"6":{"loc":{"start":{"line":75,"column":11},"end":{"line":83,"column":5}},"type":"if","locations":[{"start":{"line":75,"column":11},"end":{"line":83,"column":5}},{"start":{"line":79,"column":11},"end":{"line":83,"column":5}}]},"7":{"loc":{"start":{"line":90,"column":16},"end":{"line":90,"column":80}},"type":"cond-expr","locations":[{"start":{"line":90,"column":41},"end":{"line":90,"column":64}},{"start":{"line":90,"column":67},"end":{"line":90,"column":80}}]},"8":{"loc":{"start":{"line":98,"column":16},"end":{"line":98,"column":82}},"type":"cond-expr","locations":[{"start":{"line":98,"column":43},"end":{"line":98,"column":66}},{"start":{"line":98,"column":69},"end":{"line":98,"column":82}}]},"9":{"loc":{"start":{"line":105,"column":16},"end":{"line":105,"column":76}},"type":"cond-expr","locations":[{"start":{"line":105,"column":29},"end":{"line":105,"column":52}},{"start":{"line":105,"column":55},"end":{"line":105,"column":76}}]}},"s":{"0":1,"1":1,"2":1,"3":1,"4":1,"5":1,"6":1,"7":1,"8":20,"9":20,"10":20,"11":20,"12":20,"13":1,"14":0,"15":0,"16":20,"17":20,"18":20,"19":20,"20":28,"21":20,"22":8,"23":8,"24":20,"25":8,"26":0,"27":8,"28":0,"29":8,"30":20,"31":3,"32":1,"33":1,"34":1,"35":1,"36":2,"37":1,"38":1,"39":1,"40":1,"41":1,"42":1,"43":1,"44":1,"45":20,"46":3,"47":1,"48":1,"49":1,"50":1,"51":2,"52":1,"53":1,"54":1,"55":1,"56":1,"57":1,"58":1,"59":1,"60":20,"61":1},"f":{"0":20,"1":1,"2":0,"3":0,"4":28,"5":8,"6":8,"7":3,"8":1,"9":1,"10":1,"11":3,"12":1,"13":1,"14":1},"b":{"0":[28,0],"1":[0,8],"2":[0,8],"3":[1,2],"4":[1,1],"5":[1,2],"6":[1,1],"7":[6,14],"8":[6,14],"9":[0,20]}}
,"C:\\Web\\voprosSIBFU\\vopros-sfu-frontend\\src\\shared\\components\\Search\\component.tsx": {"path":"C:\\Web\\voprosSIBFU\\vopros-sfu-frontend\\src\\shared\\components\\Search\\component.tsx","statementMap":{"0":{"start":{"line":1,"column":0},"end":{"line":1,"column":29}},"1":{"start":{"line":3,"column":0},"end":{"line":3,"column":37}},"2":{"start":{"line":4,"column":0},"end":{"line":4,"column":47}},"3":{"start":{"line":6,"column":13},"end":{"line":20,"column":3}},"4":{"start":{"line":7,"column":2},"end":{"line":19,"column":4}}},"fnMap":{"0":{"name":"(anonymous_0)","decl":{"start":{"line":6,"column":27},"end":{"line":6,"column":28}},"loc":{"start":{"line":6,"column":69},"end":{"line":20,"column":1}}}},"branchMap":{},"s":{"0":1,"1":1,"2":1,"3":1,"4":3},"f":{"0":3},"b":{}}
,"C:\\Web\\voprosSIBFU\\vopros-sfu-frontend\\src\\shared\\components\\Select\\component.tsx": {"path":"C:\\Web\\voprosSIBFU\\vopros-sfu-frontend\\src\\shared\\components\\Select\\component.tsx","statementMap":{"0":{"start":{"line":1,"column":0},"end":{"line":1,"column":33}},"1":{"start":{"line":3,"column":0},"end":{"line":3,"column":35}},"2":{"start":{"line":4,"column":0},"end":{"line":4,"column":37}},"3":{"start":{"line":5,"column":0},"end":{"line":5,"column":51}},"4":{"start":{"line":7,"column":22},"end":{"line":44,"column":1}},"5":{"start":{"line":8,"column":30},"end":{"line":8,"column":45}},"6":{"start":{"line":10,"column":2},"end":{"line":43,"column":4}},"7":{"start":{"line":14,"column":23},"end":{"line":14,"column":41}},"8":{"start":{"line":29,"column":12},"end":{"line":30,"column":null}},"9":{"start":{"line":32,"column":16},"end":{"line":32,"column":33}},"10":{"start":{"line":33,"column":16},"end":{"line":33,"column":33}},"11":{"start":{"line":7,"column":13},"end":{"line":7,"column":22}}},"fnMap":{"0":{"name":"(anonymous_0)","decl":{"start":{"line":7,"column":22},"end":{"line":7,"column":23}},"loc":{"start":{"line":7,"column":105},"end":{"line":44,"column":1}}},"1":{"name":"(anonymous_1)","decl":{"start":{"line":14,"column":17},"end":{"line":14,"column":20}},"loc":{"start":{"line":14,"column":23},"end":{"line":14,"column":41}}},"2":{"name":"(anonymous_2)","decl":{"start":{"line":28,"column":23},"end":{"line":28,"column":29}},"loc":{"start":{"line":29,"column":12},"end":{"line":30,"column":null}}},"3":{"name":"(anonymous_3)","decl":{"start":{"line":31,"column":23},"end":{"line":31,"column":26}},"loc":{"start":{"line":31,"column":28},"end":{"line":34,"column":15}}}},"branchMap":{"0":{"loc":{"start":{"line":12,"column":7},"end":{"line":12,"column":109}},"type":"binary-expr","locations":[{"start":{"line":12,"column":7},"end":{"line":12,"column":12}},{"start":{"line":12,"column":16},"end":{"line":12,"column":109}}]},"1":{"loc":{"start":{"line":26,"column":7},"end":{"line":40,"column":null}},"type":"binary-expr","locations":[{"start":{"line":26,"column":7},"end":{"line":26,"column":13}},{"start":{"line":27,"column":8},"end":{"line":39,"column":null}}]}},"s":{"0":1,"1":1,"2":1,"3":1,"4":1,"5":9,"6":9,"7":3,"8":4,"9":1,"10":1,"11":1},"f":{"0":9,"1":3,"2":4,"3":1},"b":{"0":[9,9],"1":[9,2]}}
,"C:\\Web\\voprosSIBFU\\vopros-sfu-frontend\\src\\shared\\components\\Tabs\\component.tsx": {"path":"C:\\Web\\voprosSIBFU\\vopros-sfu-frontend\\src\\shared\\components\\Tabs\\component.tsx","statementMap":{"0":{"start":{"line":1,"column":0},"end":{"line":1,"column":33}},"1":{"start":{"line":3,"column":0},"end":{"line":3,"column":37}},"2":{"start":{"line":4,"column":0},"end":{"line":4,"column":35}},"3":{"start":{"line":6,"column":20},"end":{"line":31,"column":1}},"4":{"start":{"line":7,"column":36},"end":{"line":7,"column":81}},"5":{"start":{"line":9,"column":25},"end":{"line":14,"column":3}},"6":{"start":{"line":10,"column":4},"end":{"line":10,"column":22}},"7":{"start":{"line":11,"column":4},"end":{"line":13,"column":5}},"8":{"start":{"line":12,"column":6},"end":{"line":12,"column":23}},"9":{"start":{"line":16,"column":2},"end":{"line":30,"column":4}},"10":{"start":{"line":19,"column":8},"end":{"line":20,"column":null}},"11":{"start":{"line":21,"column":25},"end":{"line":21,"column":44}},"12":{"start":{"line":6,"column":13},"end":{"line":6,"column":20}}},"fnMap":{"0":{"name":"(anonymous_0)","decl":{"start":{"line":6,"column":20},"end":{"line":6,"column":21}},"loc":{"start":{"line":6,"column":86},"end":{"line":31,"column":1}}},"1":{"name":"(anonymous_1)","decl":{"start":{"line":9,"column":25},"end":{"line":9,"column":26}},"loc":{"start":{"line":9,"column":41},"end":{"line":14,"column":3}}},"2":{"name":"(anonymous_2)","decl":{"start":{"line":18,"column":16},"end":{"line":18,"column":19}},"loc":{"start":{"line":19,"column":8},"end":{"line":20,"column":null}}},"3":{"name":"(anonymous_3)","decl":{"start":{"line":21,"column":19},"end":{"line":21,"column":22}},"loc":{"start":{"line":21,"column":25},"end":{"line":21,"column":44}}}},"branchMap":{"0":{"loc":{"start":{"line":7,"column":53},"end":{"line":7,"column":80}},"type":"binary-expr","locations":[{"start":{"line":7,"column":53},"end":{"line":7,"column":69}},{"start":{"line":7,"column":73},"end":{"line":7,"column":80}}]},"1":{"loc":{"start":{"line":11,"column":4},"end":{"line":13,"column":5}},"type":"if","locations":[{"start":{"line":11,"column":4},"end":{"line":13,"column":5}}]},"2":{"loc":{"start":{"line":23,"column":12},"end":{"line":23,"column":null}},"type":"cond-expr","locations":[{"start":{"line":23,"column":32},"end":{"line":23,"column":81}},{"start":{"line":23,"column":84},"end":{"line":23,"column":null}}]}},"s":{"0":1,"1":1,"2":1,"3":1,"4":8,"5":8,"6":2,"7":2,"8":2,"9":8,"10":24,"11":2,"12":1},"f":{"0":8,"1":2,"2":24,"3":2},"b":{"0":[8,1],"1":[2],"2":[8,16]}}
,"C:\\Web\\voprosSIBFU\\vopros-sfu-frontend\\src\\shared\\components\\TagInput\\component.tsx": {"path":"C:\\Web\\voprosSIBFU\\vopros-sfu-frontend\\src\\shared\\components\\TagInput\\component.tsx","statementMap":{"0":{"start":{"line":1,"column":0},"end":{"line":1,"column":41}},"1":{"start":{"line":4,"column":0},"end":{"line":4,"column":33}},"2":{"start":{"line":6,"column":24},"end":{"line":83,"column":1}},"3":{"start":{"line":7,"column":38},"end":{"line":7,"column":50}},"4":{"start":{"line":8,"column":19},"end":{"line":8,"column":49}},"5":{"start":{"line":10,"column":17},"end":{"line":15,"column":3}},"6":{"start":{"line":11,"column":4},"end":{"line":13,"column":5}},"7":{"start":{"line":11,"column":32},"end":{"line":11,"column":47}},"8":{"start":{"line":12,"column":6},"end":{"line":12,"column":39}},"9":{"start":{"line":14,"column":4},"end":{"line":14,"column":22}},"10":{"start":{"line":17,"column":20},"end":{"line":19,"column":3}},"11":{"start":{"line":18,"column":4},"end":{"line":18,"column":56}},"12":{"start":{"line":18,"column":40},"end":{"line":18,"column":53}},"13":{"start":{"line":21,"column":28},"end":{"line":23,"column":3}},"14":{"start":{"line":22,"column":4},"end":{"line":22,"column":34}},"15":{"start":{"line":25,"column":24},"end":{"line":35,"column":3}},"16":{"start":{"line":26,"column":4},"end":{"line":34,"column":5}},"17":{"start":{"line":27,"column":20},"end":{"line":27,"column":99}},"18":{"start":{"line":27,"column":40},"end":{"line":27,"column":98}},"19":{"start":{"line":28,"column":6},"end":{"line":30,"column":7}},"20":{"start":{"line":29,"column":8},"end":{"line":29,"column":22}},"21":{"start":{"line":31,"column":6},"end":{"line":31,"column":25}},"22":{"start":{"line":32,"column":11},"end":{"line":34,"column":5}},"23":{"start":{"line":33,"column":6},"end":{"line":33,"column":58}},"24":{"start":{"line":37,"column":30},"end":{"line":38,"column":null}},"25":{"start":{"line":38,"column":11},"end":{"line":38,"column":112}},"26":{"start":{"line":38,"column":96},"end":{"line":38,"column":111}},"27":{"start":{"line":41,"column":2},"end":{"line":82,"column":4}},"28":{"start":{"line":45,"column":10},"end":{"line":46,"column":null}},"29":{"start":{"line":50,"column":35},"end":{"line":50,"column":52}},"30":{"start":{"line":71,"column":12},"end":{"line":72,"column":null}},"31":{"start":{"line":74,"column":33},"end":{"line":74,"column":44}},"32":{"start":{"line":6,"column":13},"end":{"line":6,"column":24}}},"fnMap":{"0":{"name":"(anonymous_0)","decl":{"start":{"line":6,"column":24},"end":{"line":6,"column":25}},"loc":{"start":{"line":6,"column":79},"end":{"line":83,"column":1}}},"1":{"name":"(anonymous_1)","decl":{"start":{"line":10,"column":17},"end":{"line":10,"column":18}},"loc":{"start":{"line":10,"column":30},"end":{"line":15,"column":3}}},"2":{"name":"(anonymous_2)","decl":{"start":{"line":11,"column":27},"end":{"line":11,"column":28}},"loc":{"start":{"line":11,"column":32},"end":{"line":11,"column":47}}},"3":{"name":"(anonymous_3)","decl":{"start":{"line":17,"column":20},"end":{"line":17,"column":21}},"loc":{"start":{"line":17,"column":35},"end":{"line":19,"column":3}}},"4":{"name":"(anonymous_4)","decl":{"start":{"line":18,"column":33},"end":{"line":18,"column":36}},"loc":{"start":{"line":18,"column":40},"end":{"line":18,"column":53}}},"5":{"name":"(anonymous_5)","decl":{"start":{"line":21,"column":28},"end":{"line":21,"column":29}},"loc":{"start":{"line":21,"column":71},"end":{"line":23,"column":3}}},"6":{"name":"(anonymous_6)","decl":{"start":{"line":25,"column":24},"end":{"line":25,"column":25}},"loc":{"start":{"line":25,"column":69},"end":{"line":35,"column":3}}},"7":{"name":"(anonymous_7)","decl":{"start":{"line":27,"column":33},"end":{"line":27,"column":36}},"loc":{"start":{"line":27,"column":40},"end":{"line":27,"column":98}}},"8":{"name":"(anonymous_8)","decl":{"start":{"line":38,"column":4},"end":{"line":38,"column":7}},"loc":{"start":{"line":38,"column":11},"end":{"line":38,"column":112}}},"9":{"name":"(anonymous_9)","decl":{"start":{"line":38,"column":91},"end":{"line":38,"column":92}},"loc":{"start":{"line":38,"column":96},"end":{"line":38,"column":111}}},"10":{"name":"(anonymous_10)","decl":{"start":{"line":44,"column":26},"end":{"line":44,"column":29}},"loc":{"start":{"line":45,"column":10},"end":{"line":46,"column":null}}},"11":{"name":"(anonymous_11)","decl":{"start":{"line":50,"column":29},"end":{"line":50,"column":32}},"loc":{"start":{"line":50,"column":35},"end":{"line":50,"column":52}}},"12":{"name":"(anonymous_12)","decl":{"start":{"line":70,"column":35},"end":{"line":70,"column":38}},"loc":{"start":{"line":71,"column":12},"end":{"line":72,"column":null}}},"13":{"name":"(anonymous_13)","decl":{"start":{"line":74,"column":27},"end":{"line":74,"column":30}},"loc":{"start":{"line":74,"column":33},"end":{"line":74,"column":44}}}},"branchMap":{"0":{"loc":{"start":{"line":11,"column":4},"end":{"line":13,"column":5}},"type":"if","locations":[{"start":{"line":11,"column":4},"end":{"line":13,"column":5}}]},"1":{"loc":{"start":{"line":26,"column":4},"end":{"line":34,"column":5}},"type":"if","locations":[{"start":{"line":26,"column":4},"end":{"line":34,"column":5}},{"start":{"line":32,"column":11},"end":{"line":34,"column":5}}]},"2":{"loc":{"start":{"line":26,"column":8},"end":{"line":26,"column":65}},"type":"binary-expr","locations":[{"start":{"line":26,"column":9},"end":{"line":26,"column":22}},{"start":{"line":26,"column":26},"end":{"line":26,"column":43}},{"start":{"line":26,"column":48},"end":{"line":26,"column":65}}]},"3":{"loc":{"start":{"line":28,"column":6},"end":{"line":30,"column":7}},"type":"if","locations":[{"start":{"line":28,"column":6},"end":{"line":30,"column":7}}]},"4":{"loc":{"start":{"line":32,"column":11},"end":{"line":34,"column":5}},"type":"if","locations":[{"start":{"line":32,"column":11},"end":{"line":34,"column":5}}]},"5":{"loc":{"start":{"line":32,"column":15},"end":{"line":32,"column":74}},"type":"binary-expr","locations":[{"start":{"line":32,"column":15},"end":{"line":32,"column":36}},{"start":{"line":32,"column":40},"end":{"line":32,"column":51}},{"start":{"line":32,"column":55},"end":{"line":32,"column":74}}]},"6":{"loc":{"start":{"line":38,"column":11},"end":{"line":38,"column":112}},"type":"binary-expr","locations":[{"start":{"line":38,"column":11},"end":{"line":38,"column":68}},{"start":{"line":38,"column":72},"end":{"line":38,"column":112}}]},"7":{"loc":{"start":{"line":68,"column":7},"end":{"line":79,"column":null}},"type":"binary-expr","locations":[{"start":{"line":68,"column":7},"end":{"line":68,"column":17}},{"start":{"line":69,"column":8},"end":{"line":78,"column":null}}]}},"s":{"0":1,"1":1,"2":1,"3":16,"4":16,"5":16,"6":3,"7":0,"8":3,"9":3,"10":16,"11":2,"12":3,"13":16,"14":5,"15":16,"16":3,"17":2,"18":3,"19":2,"20":2,"21":2,"22":1,"23":1,"24":16,"25":48,"26":11,"27":16,"28":4,"29":1,"30":5,"31":1,"32":1},"f":{"0":16,"1":3,"2":0,"3":2,"4":3,"5":5,"6":3,"7":3,"8":48,"9":11,"10":4,"11":1,"12":5,"13":1},"b":{"0":[3],"1":[2,1],"2":[3,2,2],"3":[2],"4":[1],"5":[1,1,1],"6":[48,38],"7":[16,5]}}
,"C:\\Web\\voprosSIBFU\\vopros-sfu-frontend\\src\\shared\\components\\Textarea\\component.tsx": {"path":"C:\\Web\\voprosSIBFU\\vopros-sfu-frontend\\src\\shared\\components\\Textarea\\component.tsx","statementMap":{"0":{"start":{"line":1,"column":0},"end":{"line":1,"column":42}},"1":{"start":{"line":3,"column":0},"end":{"line":3,"column":37}},"2":{"start":{"line":5,"column":17},"end":{"line":26,"column":null}},"3":{"start":{"line":7,"column":4},"end":{"line":25,"column":6}},"4":{"start":{"line":31,"column":9},"end":{"line":31,"column":17}},"5":{"start":{"line":29,"column":0},"end":{"line":29,"column":34}}},"fnMap":{"0":{"name":"(anonymous_0)","decl":{"start":{"line":6,"column":2},"end":{"line":6,"column":3}},"loc":{"start":{"line":6,"column":80},"end":{"line":26,"column":3}}}},"branchMap":{"0":{"loc":{"start":{"line":9,"column":9},"end":{"line":9,"column":114}},"type":"binary-expr","locations":[{"start":{"line":9,"column":9},"end":{"line":9,"column":14}},{"start":{"line":9,"column":18},"end":{"line":9,"column":114}}]},"1":{"loc":{"start":{"line":23,"column":9},"end":{"line":23,"column":70}},"type":"binary-expr","locations":[{"start":{"line":23,"column":9},"end":{"line":23,"column":14}},{"start":{"line":23,"column":18},"end":{"line":23,"column":70}}]}},"s":{"0":1,"1":1,"2":1,"3":7,"4":1,"5":1},"f":{"0":7},"b":{"0":[7,2],"1":[7,1]}}
,"C:\\Web\\voprosSIBFU\\vopros-sfu-frontend\\src\\shared\\components\\ThemeToggle\\component.tsx": {"path":"C:\\Web\\voprosSIBFU\\vopros-sfu-frontend\\src\\shared\\components\\ThemeToggle\\component.tsx","statementMap":{"0":{"start":{"line":1,"column":0},"end":{"line":1,"column":37}},"1":{"start":{"line":2,"column":0},"end":{"line":2,"column":46}},"2":{"start":{"line":3,"column":0},"end":{"line":3,"column":35}},"3":{"start":{"line":5,"column":27},"end":{"line":30,"column":1}},"4":{"start":{"line":6,"column":33},"end":{"line":6,"column":57}},"5":{"start":{"line":8,"column":17},"end":{"line":8,"column":37}},"6":{"start":{"line":10,"column":2},"end":{"line":29,"column":4}},"7":{"start":{"line":5,"column":13},"end":{"line":5,"column":27}}},"fnMap":{"0":{"name":"(anonymous_0)","decl":{"start":{"line":5,"column":27},"end":{"line":5,"column":30}},"loc":{"start":{"line":5,"column":32},"end":{"line":30,"column":1}}}},"branchMap":{"0":{"loc":{"start":{"line":14,"column":10},"end":{"line":14,"column":76}},"type":"cond-expr","locations":[{"start":{"line":14,"column":19},"end":{"line":14,"column":44}},{"start":{"line":14,"column":47},"end":{"line":14,"column":76}}]},"1":{"loc":{"start":{"line":18,"column":12},"end":{"line":18,"column":48}},"type":"cond-expr","locations":[{"start":{"line":18,"column":21},"end":{"line":18,"column":32}},{"start":{"line":18,"column":35},"end":{"line":18,"column":48}}]},"2":{"loc":{"start":{"line":24,"column":12},"end":{"line":24,"column":48}},"type":"cond-expr","locations":[{"start":{"line":24,"column":21},"end":{"line":24,"column":34}},{"start":{"line":24,"column":37},"end":{"line":24,"column":48}}]}},"s":{"0":1,"1":1,"2":1,"3":1,"4":5,"5":5,"6":5,"7":1},"f":{"0":5},"b":{"0":[2,3],"1":[2,3],"2":[2,3]}}
,"C:\\Web\\voprosSIBFU\\vopros-sfu-frontend\\src\\shared\\components\\UserCard\\component.tsx": {"path":"C:\\Web\\voprosSIBFU\\vopros-sfu-frontend\\src\\shared\\components\\UserCard\\component.tsx","statementMap":{"0":{"start":{"line":1,"column":0},"end":{"line":1,"column":57}},"1":{"start":{"line":3,"column":0},"end":{"line":3,"column":44}},"2":{"start":{"line":4,"column":0},"end":{"line":4,"column":40}},"3":{"start":{"line":5,"column":0},"end":{"line":5,"column":44}},"4":{"start":{"line":7,"column":24},"end":{"line":39,"column":1}},"5":{"start":{"line":8,"column":33},"end":{"line":8,"column":65}},"6":{"start":{"line":9,"column":21},"end":{"line":9,"column":45}},"7":{"start":{"line":11,"column":2},"end":{"line":38,"column":4}},"8":{"start":{"line":24,"column":15},"end":{"line":24,"column":62}},"9":{"start":{"line":7,"column":13},"end":{"line":7,"column":24}}},"fnMap":{"0":{"name":"(anonymous_0)","decl":{"start":{"line":7,"column":24},"end":{"line":7,"column":25}},"loc":{"start":{"line":7,"column":80},"end":{"line":39,"column":1}}},"1":{"name":"(anonymous_1)","decl":{"start":{"line":23,"column":21},"end":{"line":23,"column":22}},"loc":{"start":{"line":23,"column":25},"end":{"line":25,"column":13}}}},"branchMap":{"0":{"loc":{"start":{"line":7,"column":37},"end":{"line":7,"column":59}},"type":"default-arg","locations":[{"start":{"line":7,"column":47},"end":{"line":7,"column":59}}]},"1":{"loc":{"start":{"line":14,"column":9},"end":{"line":26,"column":null}},"type":"cond-expr","locations":[{"start":{"line":15,"column":10},"end":{"line":15,"column":96}},{"start":{"line":17,"column":10},"end":{"line":25,"column":null}}]},"2":{"loc":{"start":{"line":15,"column":58},"end":{"line":15,"column":92}},"type":"cond-expr","locations":[{"start":{"line":15,"column":85},"end":{"line":15,"column":87}},{"start":{"line":15,"column":90},"end":{"line":15,"column":92}}]},"3":{"loc":{"start":{"line":21,"column":14},"end":{"line":21,"column":null}},"type":"cond-expr","locations":[{"start":{"line":21,"column":41},"end":{"line":21,"column":57}},{"start":{"line":21,"column":60},"end":{"line":21,"column":null}}]},"4":{"loc":{"start":{"line":30,"column":11},"end":{"line":33,"column":null}},"type":"cond-expr","locations":[{"start":{"line":31,"column":12},"end":{"line":31,"column":96}},{"start":{"line":33,"column":12},"end":{"line":33,"column":14}}]}},"s":{"0":1,"1":1,"2":1,"3":1,"4":1,"5":6,"6":6,"7":6,"8":1,"9":1},"f":{"0":6,"1":1},"b":{"0":[4],"1":[1,5],"2":[1,0],"3":[4,1],"4":[5,1]}}
,"C:\\Web\\voprosSIBFU\\vopros-sfu-frontend\\src\\shared\\lib\\cn.ts": {"path":"C:\\Web\\voprosSIBFU\\vopros-sfu-frontend\\src\\shared\\lib\\cn.ts","statementMap":{"0":{"start":{"line":1,"column":0},"end":{"line":1,"column":45}},"1":{"start":{"line":2,"column":0},"end":{"line":2,"column":53}},"2":{"start":{"line":4,"column":11},"end":{"line":32,"column":2}},"3":{"start":{"line":34,"column":18},"end":{"line":34,"column":65}},"4":{"start":{"line":34,"column":48},"end":{"line":34,"column":65}},"5":{"start":{"line":34,"column":13},"end":{"line":34,"column":18}}},"fnMap":{"0":{"name":"(anonymous_0)","decl":{"start":{"line":34,"column":18},"end":{"line":34,"column":19}},"loc":{"start":{"line":34,"column":48},"end":{"line":34,"column":65}}}},"branchMap":{},"s":{"0":10,"1":10,"2":10,"3":10,"4":126,"5":10},"f":{"0":126},"b":{}}
,"C:\\Web\\voprosSIBFU\\vopros-sfu-frontend\\src\\store\\ratingsSlice.ts": {"path":"C:\\Web\\voprosSIBFU\\vopros-sfu-frontend\\src\\store\\ratingsSlice.ts","statementMap":{"0":{"start":{"line":1,"column":0},"end":{"line":1,"column":62}},"1":{"start":{"line":9,"column":35},"end":{"line":9,"column":37}},"2":{"start":{"line":11,"column":21},"end":{"line":24,"column":2}},"3":{"start":{"line":16,"column":37},"end":{"line":16,"column":51}},"4":{"start":{"line":17,"column":6},"end":{"line":17,"column":52}},"5":{"start":{"line":20,"column":25},"end":{"line":20,"column":39}},"6":{"start":{"line":21,"column":6},"end":{"line":21,"column":52}},"7":{"start":{"line":26,"column":13},"end":{"line":26,"column":42}},"8":{"start":{"line":27,"column":0},"end":{"line":27,"column":36}}},"fnMap":{"0":{"name":"(anonymous_0)","decl":{"start":{"line":15,"column":15},"end":{"line":15,"column":16}},"loc":{"start":{"line":15,"column":104},"end":{"line":18,"column":5}}},"1":{"name":"(anonymous_1)","decl":{"start":{"line":19,"column":17},"end":{"line":19,"column":18}},"loc":{"start":{"line":19,"column":58},"end":{"line":22,"column":5}}}},"branchMap":{},"s":{"0":1,"1":1,"2":1,"3":0,"4":0,"5":0,"6":0,"7":1,"8":1},"f":{"0":0,"1":0},"b":{}}
,"C:\\Web\\voprosSIBFU\\vopros-sfu-frontend\\src\\utils\\notify.ts": {"path":"C:\\Web\\voprosSIBFU\\vopros-sfu-frontend\\src\\utils\\notify.ts","statementMap":{"0":{"start":{"line":1,"column":0},"end":{"line":1,"column":54}},"1":{"start":{"line":3,"column":15},"end":{"line":17,"column":1}},"2":{"start":{"line":4,"column":2},"end":{"line":16,"column":5}},"3":{"start":{"line":19,"column":0},"end":{"line":19,"column":22}}},"fnMap":{"0":{"name":"(anonymous_0)","decl":{"start":{"line":3,"column":15},"end":{"line":3,"column":16}},"loc":{"start":{"line":3,"column":111},"end":{"line":17,"column":1}}}},"branchMap":{},"s":{"0":1,"1":1,"2":0,"3":1},"f":{"0":0},"b":{}}
}
