TN:
SF:src\app\consts\index.ts
FN:1,(anonymous_0)
FN:3,(anonymous_1)
FN:3,(anonymous_2)
FN:3,(anonymous_3)
FN:5,(anonymous_4)
FN:5,(anonymous_5)
FN:5,(anonymous_6)
FNF:7
FNH:4
FNDA:6,(anonymous_0)
FNDA:0,(anonymous_1)
FNDA:3,(anonymous_2)
FNDA:0,(anonymous_3)
FNDA:0,(anonymous_4)
FNDA:10,(anonymous_5)
FNDA:1,(anonymous_6)
DA:1,11
DA:3,8
DA:5,15
LF:3
LH:3
BRF:0
BRH:0
end_of_record
TN:
SF:src\app\consts\router.ts
FNF:0
FNH:0
DA:1,5
LF:1
LH:1
BRF:0
BRH:0
end_of_record
TN:
SF:src\app\consts\theme.ts
FN:2,(anonymous_0)
FNF:1
FNH:1
FNDA:5,(anonymous_0)
DA:1,5
DA:2,5
DA:3,5
DA:4,5
DA:7,5
LF:5
LH:5
BRDA:2,0,0,5
BRDA:2,0,1,5
BRF:2
BRH:2
end_of_record
TN:
SF:src\app\contexts\ThemeContext.tsx
FN:12,(anonymous_0)
FNF:1
FNH:0
FNDA:0,(anonymous_0)
DA:1,1
DA:3,1
DA:10,1
DA:12,0
LF:4
LH:3
BRF:0
BRH:0
end_of_record
TN:
SF:src\app\contexts\index.ts
FN:1,(anonymous_0)
FNF:1
FNH:1
FNDA:10,(anonymous_0)
DA:1,11
LF:1
LH:1
BRF:0
BRH:0
end_of_record
TN:
SF:src\app\hooks\question\useDeleteRateQuestion.ts
FN:5,(anonymous_0)
FN:10,(anonymous_1)
FN:12,(anonymous_2)
FNF:3
FNH:0
FNDA:0,(anonymous_0)
FNDA:0,(anonymous_1)
FNDA:0,(anonymous_2)
DA:1,1
DA:2,1
DA:5,1
DA:6,0
DA:8,0
DA:11,0
DA:12,0
DA:13,0
DA:14,0
DA:15,0
DA:16,0
DA:18,0
LF:12
LH:3
BRDA:13,0,0,0
BRDA:14,1,0,0
BRDA:14,1,1,0
BRDA:15,2,0,0
BRDA:15,2,1,0
BRF:5
BRH:0
end_of_record
TN:
SF:src\app\hooks\question\useRateQuestion.ts
FN:5,(anonymous_0)
FN:10,(anonymous_1)
FN:12,(anonymous_2)
FNF:3
FNH:0
FNDA:0,(anonymous_0)
FNDA:0,(anonymous_1)
FNDA:0,(anonymous_2)
DA:1,1
DA:2,1
DA:5,1
DA:6,0
DA:8,0
DA:11,0
DA:12,0
DA:13,0
DA:14,0
DA:15,0
DA:16,0
DA:18,0
LF:12
LH:3
BRDA:13,0,0,0
BRDA:14,1,0,0
BRDA:14,1,1,0
BRDA:15,2,0,0
BRDA:15,2,1,0
BRF:5
BRH:0
end_of_record
TN:
SF:src\app\hooks\question\useToggleFavoriteQuestion.ts
FN:5,(anonymous_0)
FN:10,(anonymous_1)
FNF:2
FNH:0
FNDA:0,(anonymous_0)
FNDA:0,(anonymous_1)
DA:1,1
DA:2,1
DA:3,1
DA:5,1
DA:8,0
DA:11,0
DA:12,0
DA:13,0
DA:15,0
DA:16,0
LF:10
LH:4
BRDA:11,0,0,0
BRDA:11,0,1,0
BRF:2
BRH:0
end_of_record
TN:
SF:src\data\apiClient.ts
FN:11,(anonymous_0)
FNF:1
FNH:0
FNDA:0,(anonymous_0)
DA:1,3
DA:2,3
DA:4,3
DA:11,3
DA:12,0
DA:13,0
DA:14,0
DA:16,0
LF:8
LH:4
BRDA:13,0,0,0
BRF:1
BRH:0
end_of_record
TN:
SF:src\data\question\index.ts
FNF:0
FNH:0
DA:1,3
LF:1
LH:1
BRF:0
BRH:0
end_of_record
TN:
SF:src\data\question\questionService.ts
FN:4,(anonymous_0)
FN:9,(anonymous_1)
FN:14,(anonymous_2)
FN:19,(anonymous_3)
FN:24,(anonymous_4)
FN:28,(anonymous_5)
FN:32,(anonymous_6)
FN:37,(anonymous_7)
FNF:8
FNH:0
FNDA:0,(anonymous_0)
FNDA:0,(anonymous_1)
FNDA:0,(anonymous_2)
FNDA:0,(anonymous_3)
FNDA:0,(anonymous_4)
FNDA:0,(anonymous_5)
FNDA:0,(anonymous_6)
FNDA:0,(anonymous_7)
DA:2,3
DA:4,3
DA:5,0
DA:6,0
DA:9,3
DA:10,0
DA:11,0
DA:14,3
DA:15,0
DA:16,0
DA:19,3
DA:20,0
DA:21,0
DA:24,3
DA:25,0
DA:28,3
DA:29,0
DA:32,3
DA:33,0
DA:34,0
DA:37,3
DA:38,0
DA:41,0
LF:23
LH:9
BRF:0
BRH:0
end_of_record
TN:
SF:src\shared\components\BlockInfo\component.tsx
FN:7,(anonymous_0)
FNF:1
FNH:1
FNDA:4,(anonymous_0)
DA:1,1
DA:3,1
DA:4,1
DA:5,1
DA:7,1
DA:8,4
LF:6
LH:6
BRDA:18,0,0,1
BRDA:18,0,1,3
BRDA:21,1,0,1
BRDA:21,1,1,2
BRDA:23,2,0,1
BRDA:23,2,1,2
BRF:6
BRH:6
end_of_record
TN:
SF:src\shared\components\BlockInfo\constants.ts
FNF:0
FNH:0
DA:1,1
LF:1
LH:1
BRF:0
BRH:0
end_of_record
TN:
SF:src\shared\components\Button\component.tsx
FN:6,(anonymous_0)
FNF:1
FNH:1
FNDA:50,(anonymous_0)
DA:1,4
DA:3,4
DA:4,4
DA:6,4
DA:7,50
LF:5
LH:5
BRDA:6,0,0,37
BRF:1
BRH:1
end_of_record
TN:
SF:src\shared\components\Button\constants.ts
FNF:0
FNH:0
DA:3,4
LF:1
LH:1
BRF:0
BRH:0
end_of_record
TN:
SF:src\shared\components\Button\index.ts
FN:1,(anonymous_0)
FNF:1
FNH:1
FNDA:45,(anonymous_0)
DA:1,48
LF:1
LH:1
BRF:0
BRH:0
end_of_record
TN:
SF:src\shared\components\CodeInput\component.tsx
FN:4,(anonymous_0)
FN:9,(anonymous_1)
FN:21,(anonymous_2)
FN:27,(anonymous_3)
FN:35,(anonymous_4)
FN:38,(anonymous_5)
FN:47,(anonymous_6)
FN:50,(anonymous_7)
FN:53,(anonymous_8)
FN:54,(anonymous_9)
FNF:10
FNH:10
FNDA:18,(anonymous_0)
FNDA:10,(anonymous_1)
FNDA:1,(anonymous_2)
FNDA:2,(anonymous_3)
FNDA:6,(anonymous_4)
FNDA:18,(anonymous_5)
FNDA:108,(anonymous_6)
FNDA:216,(anonymous_7)
FNDA:10,(anonymous_8)
FNDA:1,(anonymous_9)
DA:1,1
DA:4,1
DA:5,18
DA:6,18
DA:7,18
DA:9,18
DA:10,10
DA:12,9
DA:13,9
DA:14,9
DA:16,9
DA:17,8
DA:21,18
DA:22,1
DA:23,0
DA:27,18
DA:28,2
DA:29,2
DA:30,2
DA:32,1
DA:33,1
DA:35,6
DA:38,18
DA:39,18
DA:40,18
DA:41,2
DA:45,18
DA:48,108
DA:50,216
DA:53,10
DA:54,1
LF:31
LH:30
BRDA:10,0,0,1
BRDA:16,1,0,8
BRDA:16,2,0,9
BRDA:16,2,1,9
BRDA:22,3,0,0
BRDA:22,4,0,1
BRDA:22,4,1,1
BRDA:22,4,2,0
BRDA:30,5,0,1
BRDA:40,6,0,2
BRDA:40,7,0,18
BRDA:40,7,1,2
BRF:12
BRH:10
end_of_record
TN:
SF:src\shared\components\DelayedLoader\component.tsx
FN:4,(anonymous_0)
FN:7,(anonymous_1)
FN:8,(anonymous_2)
FN:12,(anonymous_3)
FNF:4
FNH:4
FNDA:6,(anonymous_0)
FNDA:4,(anonymous_1)
FNDA:2,(anonymous_2)
FNDA:4,(anonymous_3)
DA:1,1
DA:2,1
DA:4,1
DA:5,6
DA:7,6
DA:8,4
DA:9,2
DA:12,4
DA:15,6
LF:9
LH:9
BRDA:4,0,0,3
BRDA:15,1,0,2
BRDA:15,1,1,4
BRF:3
BRH:3
end_of_record
TN:
SF:src\shared\components\FilterBar\component.tsx
FN:6,(anonymous_0)
FN:12,(anonymous_1)
FN:15,(anonymous_2)
FNF:3
FNH:3
FNDA:4,(anonymous_0)
FNDA:12,(anonymous_1)
FNDA:1,(anonymous_2)
DA:1,1
DA:3,1
DA:4,1
DA:6,1
DA:7,4
DA:13,12
DA:15,1
LF:7
LH:7
BRDA:18,0,0,4
BRDA:18,0,1,8
BRF:2
BRH:2
end_of_record
TN:
SF:src\shared\components\ImageWithHook\component.tsx
FN:6,(anonymous_0)
FN:10,(anonymous_1)
FN:14,(anonymous_2)
FN:32,(anonymous_3)
FN:49,(anonymous_4)
FNF:5
FNH:3
FNDA:6,(anonymous_0)
FNDA:2,(anonymous_1)
FNDA:0,(anonymous_2)
FNDA:1,(anonymous_3)
FNDA:0,(anonymous_4)
DA:1,1
DA:2,1
DA:3,1
DA:6,1
DA:7,6
DA:8,6
DA:10,6
DA:11,2
DA:14,6
DA:15,0
DA:18,6
DA:19,1
DA:22,5
DA:32,1
DA:49,0
LF:15
LH:13
BRDA:18,0,0,1
BRDA:30,1,0,5
BRDA:30,1,1,5
BRDA:40,2,0,5
BRDA:40,2,1,2
BRF:5
BRH:5
end_of_record
TN:
SF:src\shared\components\Input\component.tsx
FN:12,(anonymous_0)
FN:29,(anonymous_1)
FNF:2
FNH:2
FNDA:26,(anonymous_0)
FNDA:2,(anonymous_1)
DA:1,2
DA:2,2
DA:4,2
DA:6,2
DA:11,2
DA:27,26
DA:29,26
DA:30,2
DA:33,26
LF:9
LH:9
BRDA:15,0,0,21
BRDA:21,1,0,10
BRDA:22,2,0,10
BRDA:34,3,0,10
BRDA:34,3,1,16
BRDA:35,4,0,26
BRDA:35,4,1,1
BRDA:39,5,0,1
BRDA:39,5,1,25
BRDA:39,6,0,26
BRDA:39,6,1,5
BRDA:51,7,0,26
BRDA:51,7,1,5
BRDA:51,7,2,4
BRDA:58,8,0,1
BRDA:58,8,1,3
BRDA:62,9,0,26
BRDA:62,9,1,2
BRF:18
BRH:18
end_of_record
TN:
SF:src\shared\components\Input\index.ts
FN:1,(anonymous_0)
FNF:1
FNH:1
FNDA:16,(anonymous_0)
DA:1,17
LF:1
LH:1
BRF:0
BRH:0
end_of_record
TN:
SF:src\shared\components\Loader\component.tsx
FN:3,(anonymous_0)
FNF:1
FNH:1
FNDA:7,(anonymous_0)
DA:1,2
DA:3,2
DA:4,7
LF:3
LH:3
BRF:0
BRH:0
end_of_record
TN:
SF:src\shared\components\Loader\index.ts
FN:1,(anonymous_0)
FNF:1
FNH:1
FNDA:4,(anonymous_0)
DA:1,5
LF:1
LH:1
BRF:0
BRH:0
end_of_record
TN:
SF:src\shared\components\NotificationDropdown\component.tsx
FN:8,(anonymous_0)
FN:11,(anonymous_1)
FN:13,(anonymous_2)
FN:17,(anonymous_3)
FN:17,(anonymous_4)
FN:30,(anonymous_5)
FNF:6
FNH:5
FNDA:9,(anonymous_0)
FNDA:14,(anonymous_1)
FNDA:0,(anonymous_2)
FNDA:4,(anonymous_3)
FNDA:4,(anonymous_4)
FNDA:2,(anonymous_5)
DA:1,1
DA:2,1
DA:3,1
DA:4,1
DA:5,1
DA:8,1
DA:9,9
DA:10,9
DA:11,14
DA:13,9
DA:15,9
DA:17,4
DA:31,2
DA:32,2
DA:33,2
DA:34,2
LF:16
LH:16
BRDA:21,0,0,9
BRDA:21,0,1,4
BRDA:24,1,0,0
BRDA:24,1,1,4
BRDA:28,2,0,2
BRDA:28,2,1,2
BRDA:31,3,0,1
BRDA:31,3,1,1
BRDA:35,4,0,2
BRDA:35,4,1,0
BRDA:36,5,0,2
BRDA:36,5,1,1
BRDA:35,6,0,2
BRDA:35,6,1,0
BRF:14
BRH:11
end_of_record
TN:
SF:src\shared\components\ProfileStats\component.tsx
FN:4,(anonymous_0)
FN:10,(anonymous_1)
FNF:2
FNH:2
FNDA:4,(anonymous_0)
FNDA:8,(anonymous_1)
DA:1,1
DA:4,1
DA:5,4
DA:11,8
LF:4
LH:4
BRDA:4,0,0,3
BRF:1
BRH:1
end_of_record
TN:
SF:src\shared\components\QuestionActions\component.tsx
FN:10,(anonymous_0)
FN:24,(anonymous_1)
FN:28,(anonymous_2)
FN:28,(anonymous_3)
FN:37,(anonymous_4)
FN:39,(anonymous_5)
FN:44,(anonymous_6)
FN:54,(anonymous_7)
FN:58,(anonymous_8)
FN:62,(anonymous_9)
FN:66,(anonymous_10)
FN:70,(anonymous_11)
FN:74,(anonymous_12)
FN:78,(anonymous_13)
FN:82,(anonymous_14)
FNF:15
FNH:13
FNDA:20,(anonymous_0)
FNDA:1,(anonymous_1)
FNDA:0,(anonymous_2)
FNDA:0,(anonymous_3)
FNDA:28,(anonymous_4)
FNDA:8,(anonymous_5)
FNDA:8,(anonymous_6)
FNDA:3,(anonymous_7)
FNDA:1,(anonymous_8)
FNDA:1,(anonymous_9)
FNDA:1,(anonymous_10)
FNDA:3,(anonymous_11)
FNDA:1,(anonymous_12)
FNDA:1,(anonymous_13)
FNDA:1,(anonymous_14)
DA:1,1
DA:3,1
DA:4,1
DA:5,1
DA:6,1
DA:7,1
DA:8,1
DA:10,1
DA:18,20
DA:19,20
DA:20,20
DA:22,20
DA:24,20
DA:25,1
DA:28,0
DA:33,20
DA:34,20
DA:36,20
DA:37,28
DA:39,20
DA:40,8
DA:41,8
DA:44,20
DA:45,8
DA:46,0
DA:47,8
DA:48,0
DA:50,8
DA:54,20
DA:55,3
DA:56,1
DA:57,1
DA:58,1
DA:59,2
DA:60,1
DA:61,1
DA:62,1
DA:64,1
DA:65,1
DA:66,1
DA:70,20
DA:71,3
DA:72,1
DA:73,1
DA:74,1
DA:75,2
DA:76,1
DA:77,1
DA:78,1
DA:80,1
DA:81,1
DA:82,1
DA:86,20
LF:53
LH:50
BRDA:37,0,0,28
BRDA:37,0,1,0
BRDA:45,1,0,0
BRDA:45,1,1,8
BRDA:47,2,0,0
BRDA:47,2,1,8
BRDA:55,3,0,1
BRDA:55,3,1,2
BRDA:59,4,0,1
BRDA:59,4,1,1
BRDA:71,5,0,1
BRDA:71,5,1,2
BRDA:75,6,0,1
BRDA:75,6,1,1
BRDA:90,7,0,6
BRDA:90,7,1,14
BRDA:98,8,0,6
BRDA:98,8,1,14
BRDA:105,9,0,0
BRDA:105,9,1,20
BRF:20
BRH:16
end_of_record
TN:
SF:src\shared\components\Search\component.tsx
FN:6,(anonymous_0)
FNF:1
FNH:1
FNDA:3,(anonymous_0)
DA:1,1
DA:3,1
DA:4,1
DA:6,1
DA:7,3
LF:5
LH:5
BRF:0
BRH:0
end_of_record
TN:
SF:src\shared\components\Select\component.tsx
FN:7,(anonymous_0)
FN:14,(anonymous_1)
FN:28,(anonymous_2)
FN:31,(anonymous_3)
FNF:4
FNH:4
FNDA:9,(anonymous_0)
FNDA:3,(anonymous_1)
FNDA:4,(anonymous_2)
FNDA:1,(anonymous_3)
DA:1,1
DA:3,1
DA:4,1
DA:5,1
DA:7,1
DA:8,9
DA:10,9
DA:14,3
DA:29,4
DA:32,1
DA:33,1
LF:11
LH:11
BRDA:12,0,0,9
BRDA:12,0,1,9
BRDA:26,1,0,9
BRDA:26,1,1,2
BRF:4
BRH:4
end_of_record
TN:
SF:src\shared\components\Tabs\component.tsx
FN:6,(anonymous_0)
FN:9,(anonymous_1)
FN:18,(anonymous_2)
FN:21,(anonymous_3)
FNF:4
FNH:4
FNDA:8,(anonymous_0)
FNDA:2,(anonymous_1)
FNDA:24,(anonymous_2)
FNDA:2,(anonymous_3)
DA:1,1
DA:3,1
DA:4,1
DA:6,1
DA:7,8
DA:9,8
DA:10,2
DA:11,2
DA:12,2
DA:16,8
DA:19,24
DA:21,2
LF:12
LH:12
BRDA:7,0,0,8
BRDA:7,0,1,1
BRDA:11,1,0,2
BRDA:23,2,0,8
BRDA:23,2,1,16
BRF:5
BRH:5
end_of_record
TN:
SF:src\shared\components\TagInput\component.tsx
FN:6,(anonymous_0)
FN:10,(anonymous_1)
FN:11,(anonymous_2)
FN:17,(anonymous_3)
FN:18,(anonymous_4)
FN:21,(anonymous_5)
FN:25,(anonymous_6)
FN:27,(anonymous_7)
FN:38,(anonymous_8)
FN:38,(anonymous_9)
FN:44,(anonymous_10)
FN:50,(anonymous_11)
FN:70,(anonymous_12)
FN:74,(anonymous_13)
FNF:14
FNH:13
FNDA:16,(anonymous_0)
FNDA:3,(anonymous_1)
FNDA:0,(anonymous_2)
FNDA:2,(anonymous_3)
FNDA:3,(anonymous_4)
FNDA:5,(anonymous_5)
FNDA:3,(anonymous_6)
FNDA:3,(anonymous_7)
FNDA:48,(anonymous_8)
FNDA:11,(anonymous_9)
FNDA:4,(anonymous_10)
FNDA:1,(anonymous_11)
FNDA:5,(anonymous_12)
FNDA:1,(anonymous_13)
DA:1,1
DA:4,1
DA:6,1
DA:7,16
DA:8,16
DA:10,16
DA:11,3
DA:12,3
DA:14,3
DA:17,16
DA:18,3
DA:21,16
DA:22,5
DA:25,16
DA:26,3
DA:27,3
DA:28,2
DA:29,2
DA:31,2
DA:32,1
DA:33,1
DA:37,16
DA:38,48
DA:41,16
DA:45,4
DA:50,1
DA:71,5
DA:74,1
LF:28
LH:28
BRDA:11,0,0,3
BRDA:26,1,0,2
BRDA:26,1,1,1
BRDA:26,2,0,3
BRDA:26,2,1,2
BRDA:26,2,2,2
BRDA:28,3,0,2
BRDA:32,4,0,1
BRDA:32,5,0,1
BRDA:32,5,1,1
BRDA:32,5,2,1
BRDA:38,6,0,48
BRDA:38,6,1,38
BRDA:68,7,0,16
BRDA:68,7,1,5
BRF:15
BRH:15
end_of_record
TN:
SF:src\shared\components\Textarea\component.tsx
FN:6,(anonymous_0)
FNF:1
FNH:1
FNDA:7,(anonymous_0)
DA:1,1
DA:3,1
DA:5,1
DA:7,7
DA:29,1
DA:31,1
LF:6
LH:6
BRDA:9,0,0,7
BRDA:9,0,1,2
BRDA:23,1,0,7
BRDA:23,1,1,1
BRF:4
BRH:4
end_of_record
TN:
SF:src\shared\components\ThemeToggle\component.tsx
FN:5,(anonymous_0)
FNF:1
FNH:1
FNDA:5,(anonymous_0)
DA:1,1
DA:2,1
DA:3,1
DA:5,1
DA:6,5
DA:8,5
DA:10,5
LF:7
LH:7
BRDA:14,0,0,2
BRDA:14,0,1,3
BRDA:18,1,0,2
BRDA:18,1,1,3
BRDA:24,2,0,2
BRDA:24,2,1,3
BRF:6
BRH:6
end_of_record
TN:
SF:src\shared\components\UserCard\component.tsx
FN:7,(anonymous_0)
FN:23,(anonymous_1)
FNF:2
FNH:2
FNDA:6,(anonymous_0)
FNDA:1,(anonymous_1)
DA:1,1
DA:3,1
DA:4,1
DA:5,1
DA:7,1
DA:8,6
DA:9,6
DA:11,6
DA:24,1
LF:9
LH:9
BRDA:7,0,0,4
BRDA:14,1,0,1
BRDA:14,1,1,5
BRDA:15,2,0,1
BRDA:15,2,1,0
BRDA:21,3,0,4
BRDA:21,3,1,1
BRDA:30,4,0,5
BRDA:30,4,1,1
BRF:9
BRH:8
end_of_record
TN:
SF:src\shared\lib\cn.ts
FN:34,(anonymous_0)
FNF:1
FNH:1
FNDA:126,(anonymous_0)
DA:1,10
DA:2,10
DA:4,10
DA:34,126
LF:4
LH:4
BRF:0
BRH:0
end_of_record
TN:
SF:src\store\ratingsSlice.ts
FN:15,(anonymous_0)
FN:19,(anonymous_1)
FNF:2
FNH:0
FNDA:0,(anonymous_0)
FNDA:0,(anonymous_1)
DA:1,1
DA:9,1
DA:11,1
DA:16,0
DA:17,0
DA:20,0
DA:21,0
DA:26,1
DA:27,1
LF:9
LH:5
BRF:0
BRH:0
end_of_record
TN:
SF:src\utils\notify.ts
FN:3,(anonymous_0)
FNF:1
FNH:0
FNDA:0,(anonymous_0)
DA:1,1
DA:3,1
DA:4,0
DA:19,1
LF:4
LH:3
BRF:0
BRH:0
end_of_record
